Container alpha started with PID 3217
allocation=1 chunk=8MB total=8MB

allocation=2 chunk=8MB total=16MB

allocation=3 chunk=8MB total=24MB

allocation=4 chunk=8MB total=32MB

Container alpha started with PID 4062
allocation=1 chunk=8MB total=8MB

allocation=2 chunk=8MB total=16MB

allocation=3 chunk=8MB total=24MB

allocation=4 chunk=8MB total=32MB

Container alpha started with PID 4094
allocation=1 chunk=8MB total=8MB

allocation=2 chunk=8MB total=16MB

allocation=3 chunk=8MB total=24MB

allocation=4 chunk=8MB total=32MB

Container alpha started with PID 4137
cpu_hog alive elapsed=1 accumulator=5859602050350770488

cpu_hog alive elapsed=2 accumulator=5356170188696001637

cpu_hog alive elapsed=3 accumulator=1588576845066715683

cpu_hog alive elapsed=4 accumulator=13531936731454174899

cpu_hog alive elapsed=5 accumulator=10543321944745928759

cpu_hog alive elapsed=6 accumulator=18061012247723539532

cpu_hog alive elapsed=7 accumulator=5097801009832167702

cpu_hog alive elapsed=8 accumulator=7717141891114135393

cpu_hog alive elapsed=9 accumulator=14914749464933918128

cpu_hog done duration=10 accumulator=5156089852618066121

Container alpha started with PID 4193
cpu_hog alive elapsed=1 accumulator=13921127144768704952

cpu_hog alive elapsed=2 accumulator=5764868797316510293

cpu_hog alive elapsed=3 accumulator=15075380885710796073

cpu_hog alive elapsed=4 accumulator=12905893049241403434

cpu_hog alive elapsed=5 accumulator=2118408353483402762

cpu_hog alive elapsed=6 accumulator=12784543952287788933

cpu_hog alive elapsed=7 accumulator=7830069372781941342

cpu_hog alive elapsed=8 accumulator=5004996440815148760

cpu_hog alive elapsed=9 accumulator=4773190586305771223

cpu_hog done duration=10 accumulator=7043250748559660188

Container alpha started with PID 4269
cpu_hog alive elapsed=1 accumulator=9665864653140581020

cpu_hog alive elapsed=2 accumulator=12157755051086568625

cpu_hog alive elapsed=3 accumulator=16905890237957888877

cpu_hog alive elapsed=4 accumulator=5457077227784229962

cpu_hog alive elapsed=5 accumulator=9896280556120020436

cpu_hog alive elapsed=6 accumulator=11514358833031056643

cpu_hog alive elapsed=7 accumulator=14550296208449035996

cpu_hog alive elapsed=8 accumulator=18426821878201350778

cpu_hog alive elapsed=9 accumulator=3834650712615577370

cpu_hog done duration=10 accumulator=16413434974277710058

Container alpha started with PID 4292
cpu_hog alive elapsed=1 accumulator=10879665740971079176

cpu_hog alive elapsed=2 accumulator=2389559929808986609

cpu_hog alive elapsed=3 accumulator=9051845834137028719

cpu_hog alive elapsed=4 accumulator=263133300436047513

cpu_hog alive elapsed=5 accumulator=4477721503551301788

cpu_hog alive elapsed=6 accumulator=18278831524863626525

cpu_hog alive elapsed=7 accumulator=18377456846006755200

cpu_hog alive elapsed=8 accumulator=14955148887128560484

cpu_hog alive elapsed=9 accumulator=15314646478098132002

cpu_hog alive elapsed=10 accumulator=6458345448027655667

cpu_hog done duration=10 accumulator=6458345448027655667

Container alpha started with PID 3013
child: execv failed: No such file or directory

Container alpha started with PID 3821
child: execv failed: No such file or directory

Container alpha started with PID 3048
child: execv failed: No such file or directory

Container alpha started with PID 3080
child: execv failed: No such file or directory

Container alpha started with PID 3631
child: execv failed: No such file or directory

Container alpha started with PID 3667
child: execv failed: No such file or directory

Container alpha started with PID 3746
child: execv failed: No such file or directory

Container alpha started with PID 3994
child: execv failed: No such file or directory

Container alpha started with PID 18823
child: execv failed: No such file or directory

Container alpha started with PID 18839
child: execv failed: No such file or directory

Container alpha started with PID 18889
child: execv failed: No such file or directory

Container alpha started with PID 4853
cpu_hog alive elapsed=1 accumulator=13445051440950667808

cpu_hog alive elapsed=2 accumulator=12831990411368712959

cpu_hog alive elapsed=3 accumulator=15037548626294325877

cpu_hog alive elapsed=4 accumulator=18121306453479670961

cpu_hog alive elapsed=5 accumulator=5703783551011457897

cpu_hog alive elapsed=6 accumulator=14849897794782033808

cpu_hog alive elapsed=7 accumulator=6926818746797232669

cpu_hog alive elapsed=8 accumulator=15047435239514082666

cpu_hog alive elapsed=9 accumulator=4534904577976528156

cpu_hog alive elapsed=10 accumulator=9990724742907688480

cpu_hog alive elapsed=11 accumulator=10546503850070002542

cpu_hog alive elapsed=12 accumulator=16619016682483134954

cpu_hog alive elapsed=13 accumulator=7245472277665847189

cpu_hog alive elapsed=14 accumulator=5682327464281127969

cpu_hog alive elapsed=15 accumulator=4261468747132728672

cpu_hog alive elapsed=16 accumulator=1128781175533136428

cpu_hog alive elapsed=17 accumulator=8302847370503146506

cpu_hog alive elapsed=18 accumulator=16334621867788171609

cpu_hog alive elapsed=19 accumulator=4127731409218003413

cpu_hog alive elapsed=20 accumulator=17014037719295045529

cpu_hog alive elapsed=21 accumulator=13862145668896136416

cpu_hog alive elapsed=22 accumulator=17845970792772980831

cpu_hog alive elapsed=23 accumulator=455075114213293450

cpu_hog alive elapsed=24 accumulator=16328799032165505651

cpu_hog alive elapsed=25 accumulator=5888277185455117165

cpu_hog alive elapsed=26 accumulator=16773943718379701772

cpu_hog alive elapsed=27 accumulator=17420747748208022334

cpu_hog alive elapsed=28 accumulator=10660216165029324608

cpu_hog alive elapsed=29 accumulator=12281993533519922441

cpu_hog alive elapsed=30 accumulator=5384961586324713346

cpu_hog alive elapsed=31 accumulator=13677625528040169309

cpu_hog alive elapsed=32 accumulator=9801789216259239910

cpu_hog alive elapsed=33 accumulator=13350593197144158106

cpu_hog alive elapsed=34 accumulator=3221553962717268954

cpu_hog alive elapsed=35 accumulator=16277361326625089986

cpu_hog alive elapsed=36 accumulator=12164084159373131583

cpu_hog alive elapsed=37 accumulator=4659678149886690933

cpu_hog alive elapsed=38 accumulator=14813881294953152401

cpu_hog alive elapsed=39 accumulator=6038346129786667557

cpu_hog alive elapsed=40 accumulator=7889571460406598754

cpu_hog alive elapsed=41 accumulator=17398796861230632389

cpu_hog alive elapsed=42 accumulator=8241583148860651957

cpu_hog alive elapsed=43 accumulator=9488877560623270345

cpu_hog alive elapsed=44 accumulator=18242429925829820360

cpu_hog alive elapsed=45 accumulator=8585205016036702766

cpu_hog alive elapsed=46 accumulator=9226966982010091714

cpu_hog alive elapsed=47 accumulator=18306993403112374915

cpu_hog alive elapsed=48 accumulator=3978405452249555215

cpu_hog alive elapsed=49 accumulator=1935467377564610

cpu_hog alive elapsed=50 accumulator=5086481905521537173

cpu_hog alive elapsed=51 accumulator=6289384825250967503

cpu_hog alive elapsed=52 accumulator=17135528370042756159

cpu_hog alive elapsed=53 accumulator=7808023883197585608

cpu_hog alive elapsed=54 accumulator=7528506983544778256

cpu_hog alive elapsed=55 accumulator=3828107261958989495

cpu_hog alive elapsed=56 accumulator=12918044783087429099

cpu_hog alive elapsed=57 accumulator=12072959977817400149

cpu_hog alive elapsed=58 accumulator=8609323243081058980

cpu_hog alive elapsed=59 accumulator=18369166816316720819

cpu_hog alive elapsed=60 accumulator=10088871293049289559

cpu_hog alive elapsed=61 accumulator=2409223797854834951

cpu_hog alive elapsed=62 accumulator=2423020049838207421

cpu_hog alive elapsed=63 accumulator=1971240630117201309

cpu_hog alive elapsed=64 accumulator=14529096199421685842

cpu_hog alive elapsed=65 accumulator=4680767594625336107

cpu_hog alive elapsed=66 accumulator=12214474739583806140

cpu_hog alive elapsed=67 accumulator=16977070186264068736

cpu_hog alive elapsed=68 accumulator=17025942515714663359

cpu_hog alive elapsed=69 accumulator=16175540517663716081

cpu_hog alive elapsed=70 accumulator=10801738595876955076

cpu_hog alive elapsed=71 accumulator=12641279042088461521

cpu_hog alive elapsed=72 accumulator=13067091082410148245

cpu_hog alive elapsed=73 accumulator=8962781709034947143

cpu_hog alive elapsed=74 accumulator=16133367052792634050

cpu_hog alive elapsed=75 accumulator=4420625059183718997

cpu_hog alive elapsed=76 accumulator=12262812131088884189

cpu_hog alive elapsed=77 accumulator=9574615392453665292

cpu_hog alive elapsed=78 accumulator=2113217724563851543

cpu_hog alive elapsed=79 accumulator=13869142478492960171

cpu_hog alive elapsed=80 accumulator=9766501463074529549

cpu_hog alive elapsed=81 accumulator=13151649004664860858

cpu_hog alive elapsed=82 accumulator=6631079449509270960

cpu_hog alive elapsed=83 accumulator=14867479987815150048

cpu_hog alive elapsed=84 accumulator=6639150944580467084

cpu_hog alive elapsed=85 accumulator=17098892727946390418

cpu_hog alive elapsed=86 accumulator=10007344635494390305

cpu_hog alive elapsed=87 accumulator=14174093253361491347

cpu_hog alive elapsed=88 accumulator=2211536713203583671

cpu_hog alive elapsed=89 accumulator=10815948694045870039

cpu_hog alive elapsed=90 accumulator=5747216803155647801

cpu_hog alive elapsed=91 accumulator=551158599296940744

cpu_hog alive elapsed=92 accumulator=10539902542535676645

cpu_hog alive elapsed=93 accumulator=6851049366392827012

cpu_hog alive elapsed=94 accumulator=2399578834455868876

cpu_hog alive elapsed=95 accumulator=18138102229080318382

cpu_hog alive elapsed=96 accumulator=4318197461116777977

cpu_hog alive elapsed=97 accumulator=6697793607688743215

cpu_hog alive elapsed=98 accumulator=17320073046805766630

cpu_hog alive elapsed=99 accumulator=18189320803950288545

cpu_hog alive elapsed=100 accumulator=483513048125371398

cpu_hog alive elapsed=101 accumulator=8867463790060044460

cpu_hog alive elapsed=102 accumulator=18401198885809081183

cpu_hog alive elapsed=103 accumulator=2972432753969114834

cpu_hog alive elapsed=104 accumulator=1419905347052239366

cpu_hog alive elapsed=105 accumulator=1267392652597046389

cpu_hog alive elapsed=106 accumulator=510362663154261352

cpu_hog alive elapsed=107 accumulator=12757769150135488765

cpu_hog alive elapsed=108 accumulator=12962929709530559543

cpu_hog alive elapsed=109 accumulator=16850169613332741474

cpu_hog alive elapsed=110 accumulator=6032864399282495602

cpu_hog alive elapsed=111 accumulator=12787675602630823663

cpu_hog alive elapsed=112 accumulator=11543357351508265108

cpu_hog alive elapsed=113 accumulator=12878890413647760233

cpu_hog alive elapsed=114 accumulator=16469754396036335332

cpu_hog alive elapsed=115 accumulator=5815149948072064785

cpu_hog alive elapsed=116 accumulator=3855458757849713221

cpu_hog alive elapsed=117 accumulator=11844685810056234160

cpu_hog alive elapsed=118 accumulator=4713941574234424229

cpu_hog alive elapsed=119 accumulator=13681210207809313698

cpu_hog alive elapsed=120 accumulator=6449266212098820608

cpu_hog alive elapsed=121 accumulator=11768928048063180465

cpu_hog alive elapsed=122 accumulator=4435165908212715636

cpu_hog alive elapsed=123 accumulator=1767508104658272244

cpu_hog alive elapsed=124 accumulator=13237371487531898951

cpu_hog alive elapsed=125 accumulator=1514815367690874726

cpu_hog alive elapsed=126 accumulator=18354090129990642239

cpu_hog alive elapsed=127 accumulator=14648435509718016374

cpu_hog alive elapsed=128 accumulator=3625087235506626274

cpu_hog alive elapsed=129 accumulator=8272667579407121361

cpu_hog alive elapsed=130 accumulator=4456959875652585261

cpu_hog alive elapsed=131 accumulator=5647189461077693251

cpu_hog alive elapsed=132 accumulator=5317999942311272014

cpu_hog alive elapsed=133 accumulator=6712987218578575292

cpu_hog alive elapsed=134 accumulator=15014685810217462948

cpu_hog alive elapsed=135 accumulator=2813957434483859907

cpu_hog alive elapsed=136 accumulator=1725974458238023743

cpu_hog alive elapsed=137 accumulator=7568281159352442392

cpu_hog alive elapsed=138 accumulator=5637382186176770455

cpu_hog alive elapsed=139 accumulator=1780033548520359735

cpu_hog alive elapsed=140 accumulator=1978166383570329309

cpu_hog alive elapsed=141 accumulator=11864307902964384866

cpu_hog alive elapsed=142 accumulator=4664775088662336964

cpu_hog alive elapsed=143 accumulator=689502632460486886

cpu_hog alive elapsed=144 accumulator=9792556474828754643

cpu_hog alive elapsed=145 accumulator=11852548888794717331

cpu_hog alive elapsed=146 accumulator=8241708867432844267

cpu_hog alive elapsed=147 accumulator=5327319065580132588

cpu_hog alive elapsed=148 accumulator=2165635623612284966

cpu_hog alive elapsed=149 accumulator=1392203473200476876

cpu_hog alive elapsed=150 accumulator=2394123408514138333

cpu_hog alive elapsed=151 accumulator=5674804259595369391

cpu_hog alive elapsed=152 accumulator=1185082555743650640

cpu_hog alive elapsed=153 accumulator=6158180720154431644

cpu_hog alive elapsed=154 accumulator=16198953859281129249

cpu_hog alive elapsed=155 accumulator=16358409697920774497

cpu_hog alive elapsed=156 accumulator=14517798978110706519

cpu_hog alive elapsed=157 accumulator=7520510841218330059

cpu_hog alive elapsed=158 accumulator=5219731090811248549

cpu_hog alive elapsed=159 accumulator=2563381815063429813

cpu_hog alive elapsed=160 accumulator=17663980405461558536

cpu_hog alive elapsed=161 accumulator=14281620015812915419

cpu_hog alive elapsed=162 accumulator=10251200686926263256

cpu_hog alive elapsed=163 accumulator=2963505097677344870

cpu_hog alive elapsed=164 accumulator=11259248832390328511

cpu_hog alive elapsed=165 accumulator=2444006380295432456

cpu_hog alive elapsed=166 accumulator=850502931463833995

cpu_hog alive elapsed=167 accumulator=12422282440900082436

cpu_hog alive elapsed=168 accumulator=3486412310493777499

cpu_hog alive elapsed=169 accumulator=14795394106957012398

cpu_hog alive elapsed=170 accumulator=8020523999585250724

cpu_hog alive elapsed=171 accumulator=14739392215313055221

cpu_hog alive elapsed=172 accumulator=16952022257318018497

cpu_hog alive elapsed=173 accumulator=8679112019803667539

cpu_hog alive elapsed=174 accumulator=10271529408097501822

cpu_hog alive elapsed=175 accumulator=6252281105955111824

cpu_hog alive elapsed=176 accumulator=9447483298376188439

cpu_hog alive elapsed=177 accumulator=12275867081564826590

cpu_hog alive elapsed=178 accumulator=15165934054705642337

cpu_hog alive elapsed=179 accumulator=446006633184960185

cpu_hog alive elapsed=180 accumulator=486655615336435533

cpu_hog alive elapsed=181 accumulator=17100492591150877483

cpu_hog alive elapsed=182 accumulator=17887749637766708625

cpu_hog alive elapsed=183 accumulator=8806878246033773467

cpu_hog alive elapsed=184 accumulator=8898742641963929291

cpu_hog alive elapsed=185 accumulator=1189745151027259514

cpu_hog alive elapsed=186 accumulator=3756115926166127888

cpu_hog alive elapsed=187 accumulator=2603146608425822943

cpu_hog alive elapsed=188 accumulator=11451740322386945043

cpu_hog alive elapsed=189 accumulator=17796212535865566757

cpu_hog alive elapsed=190 accumulator=11043110967741944258

cpu_hog alive elapsed=191 accumulator=1180762199929418106

cpu_hog alive elapsed=192 accumulator=9348637774277454005

cpu_hog alive elapsed=193 accumulator=7283374848952807346

cpu_hog alive elapsed=194 accumulator=16332706061288039769

cpu_hog alive elapsed=195 accumulator=9898943747060312418

cpu_hog alive elapsed=196 accumulator=16553060901640912464

cpu_hog alive elapsed=197 accumulator=1258354305009096447

cpu_hog alive elapsed=198 accumulator=3415463772791590927

cpu_hog alive elapsed=199 accumulator=4812006401889282682

cpu_hog alive elapsed=200 accumulator=8349568772909809665

cpu_hog alive elapsed=201 accumulator=7169671803463089299

cpu_hog alive elapsed=202 accumulator=13916917569613923845

cpu_hog alive elapsed=203 accumulator=17963183338317467130

cpu_hog alive elapsed=204 accumulator=12523699402974968210

cpu_hog alive elapsed=205 accumulator=8799707279724803074

cpu_hog alive elapsed=206 accumulator=7521110911410246953

cpu_hog alive elapsed=207 accumulator=13925404089219318077

cpu_hog alive elapsed=208 accumulator=7444299610292995397

cpu_hog alive elapsed=209 accumulator=9261447175621311352

cpu_hog alive elapsed=210 accumulator=3807363961460781573

cpu_hog alive elapsed=211 accumulator=9250180851013041962

cpu_hog alive elapsed=212 accumulator=3302675447039503656

cpu_hog alive elapsed=213 accumulator=5297336599292260508

cpu_hog alive elapsed=214 accumulator=12868881908495813680

cpu_hog alive elapsed=215 accumulator=8773274763879677042

cpu_hog alive elapsed=216 accumulator=14280347327754958975

cpu_hog alive elapsed=217 accumulator=6548632875928030988

cpu_hog alive elapsed=218 accumulator=17435124567820309762

cpu_hog alive elapsed=219 accumulator=15769180387143470172

cpu_hog alive elapsed=220 accumulator=12744215379176092881

cpu_hog alive elapsed=221 accumulator=9976961261076206116

cpu_hog alive elapsed=222 accumulator=3803025554770211627

cpu_hog alive elapsed=223 accumulator=6665763291152882936

cpu_hog alive elapsed=224 accumulator=11569417162031673021

cpu_hog alive elapsed=225 accumulator=6278015405718496702

cpu_hog alive elapsed=226 accumulator=61353526074980012

cpu_hog alive elapsed=227 accumulator=2013758812540735807

cpu_hog alive elapsed=228 accumulator=6311559807417540908

cpu_hog alive elapsed=229 accumulator=7606910023745311824

cpu_hog alive elapsed=230 accumulator=17025807819057418652

cpu_hog alive elapsed=231 accumulator=5405074501537058210

cpu_hog alive elapsed=232 accumulator=1404962457559683411

cpu_hog alive elapsed=233 accumulator=10464175810245676869

cpu_hog alive elapsed=234 accumulator=6179500381317722477

cpu_hog alive elapsed=235 accumulator=11946979232355714155

cpu_hog alive elapsed=236 accumulator=11689128643489215172

cpu_hog alive elapsed=237 accumulator=664810516823056291

cpu_hog alive elapsed=238 accumulator=15780819980919324575

cpu_hog alive elapsed=239 accumulator=15908066132928166490

cpu_hog alive elapsed=240 accumulator=6328729523243514365

cpu_hog alive elapsed=241 accumulator=6209997723155824006

cpu_hog alive elapsed=242 accumulator=2538155169817029359

cpu_hog alive elapsed=243 accumulator=6567766415313960087

cpu_hog alive elapsed=244 accumulator=11027468210063485915

cpu_hog alive elapsed=245 accumulator=1833135095566551187

cpu_hog alive elapsed=246 accumulator=2471417319727504794

cpu_hog alive elapsed=247 accumulator=2866765118722209546

cpu_hog alive elapsed=248 accumulator=12626507209127195477

cpu_hog alive elapsed=249 accumulator=2512605320666474236

cpu_hog alive elapsed=250 accumulator=11537283148876471411

cpu_hog alive elapsed=251 accumulator=9090035345516945329

cpu_hog alive elapsed=252 accumulator=12080436105136197489

cpu_hog alive elapsed=253 accumulator=3172445385237260105

cpu_hog alive elapsed=254 accumulator=13714519723421835241

cpu_hog alive elapsed=255 accumulator=9077339842063594283

cpu_hog alive elapsed=256 accumulator=16026187187923216156

cpu_hog alive elapsed=257 accumulator=4218505779920960648

cpu_hog alive elapsed=258 accumulator=7148515837554751885

cpu_hog alive elapsed=259 accumulator=7000548151741323209

cpu_hog alive elapsed=260 accumulator=2575659074951387140

cpu_hog alive elapsed=261 accumulator=13313476334983166403

cpu_hog alive elapsed=262 accumulator=4421176559277604243

cpu_hog alive elapsed=263 accumulator=17798603885590290203

cpu_hog alive elapsed=264 accumulator=10792872578747095310

cpu_hog alive elapsed=265 accumulator=7522981165573558938

cpu_hog alive elapsed=266 accumulator=5371765675917301149

cpu_hog alive elapsed=267 accumulator=12142403684284332544

cpu_hog alive elapsed=268 accumulator=14877971655718770446

cpu_hog alive elapsed=269 accumulator=5797902986493062459

cpu_hog alive elapsed=270 accumulator=13041730429534590238

cpu_hog alive elapsed=271 accumulator=15362212764368426128

cpu_hog alive elapsed=272 accumulator=11542570929669154661

cpu_hog alive elapsed=273 accumulator=3933546911837721936

cpu_hog alive elapsed=274 accumulator=8543380903586756259

cpu_hog alive elapsed=275 accumulator=902634147449680169

cpu_hog alive elapsed=276 accumulator=3357039532713163879

cpu_hog alive elapsed=277 accumulator=4879992033767115868

cpu_hog alive elapsed=278 accumulator=7674427674591531316

cpu_hog alive elapsed=279 accumulator=6242245906189112426

cpu_hog alive elapsed=280 accumulator=17586922944989163229

cpu_hog alive elapsed=281 accumulator=17321027011433261740

cpu_hog alive elapsed=282 accumulator=12630658465322082459

cpu_hog alive elapsed=283 accumulator=9147300064238863580

cpu_hog alive elapsed=284 accumulator=16527734495830965007

cpu_hog alive elapsed=285 accumulator=3797378577808622790

cpu_hog alive elapsed=286 accumulator=7127565921256791998

cpu_hog alive elapsed=287 accumulator=12971800455719434158

cpu_hog alive elapsed=288 accumulator=9202654997478346273

cpu_hog alive elapsed=289 accumulator=6053545074570160183

cpu_hog alive elapsed=290 accumulator=17049344240599088317

cpu_hog alive elapsed=291 accumulator=11681187480730266830

cpu_hog alive elapsed=292 accumulator=8262255912005692203

cpu_hog alive elapsed=293 accumulator=16514229219366694607

cpu_hog alive elapsed=294 accumulator=9572176328110958554

cpu_hog alive elapsed=295 accumulator=14831383842711545934

cpu_hog alive elapsed=296 accumulator=1875907827838648800

cpu_hog alive elapsed=297 accumulator=14304760775867413581

cpu_hog alive elapsed=298 accumulator=5833652693633990440

cpu_hog alive elapsed=299 accumulator=11288082579650157316

cpu_hog alive elapsed=300 accumulator=9466774014024774796

cpu_hog alive elapsed=301 accumulator=13947077973658121876

cpu_hog alive elapsed=302 accumulator=15657756614966586653

cpu_hog alive elapsed=303 accumulator=12347293893362314563

cpu_hog alive elapsed=304 accumulator=14330815821579470572

cpu_hog alive elapsed=305 accumulator=1072826936290050284

cpu_hog alive elapsed=306 accumulator=3371341735961022257

cpu_hog alive elapsed=307 accumulator=1544640810401078685

cpu_hog alive elapsed=308 accumulator=15402436571676390996

cpu_hog alive elapsed=309 accumulator=14595360987934270860

cpu_hog alive elapsed=310 accumulator=1109557545482395702

cpu_hog alive elapsed=311 accumulator=691400376723923859

cpu_hog alive elapsed=312 accumulator=15656469795684393867

cpu_hog alive elapsed=313 accumulator=246384894450344528

cpu_hog alive elapsed=314 accumulator=12789606332888352223

cpu_hog alive elapsed=315 accumulator=4662290763029548464

cpu_hog alive elapsed=316 accumulator=5366793390542763362

cpu_hog alive elapsed=317 accumulator=12829608606026422942

cpu_hog alive elapsed=318 accumulator=7104468175988070065

cpu_hog alive elapsed=319 accumulator=6222036727144545577

cpu_hog alive elapsed=320 accumulator=478867616167371412

cpu_hog alive elapsed=321 accumulator=5652568198233700103

cpu_hog alive elapsed=322 accumulator=12127976605880840703

cpu_hog alive elapsed=323 accumulator=9547595428192345871

cpu_hog alive elapsed=324 accumulator=17650059199274356746

cpu_hog alive elapsed=325 accumulator=4669074363966031349

cpu_hog alive elapsed=326 accumulator=2803241991964083112

cpu_hog alive elapsed=327 accumulator=7574043068768159474

cpu_hog alive elapsed=328 accumulator=9695761701328706620

cpu_hog alive elapsed=329 accumulator=13288872159935821359

cpu_hog alive elapsed=330 accumulator=15461910421321896345

cpu_hog alive elapsed=331 accumulator=3756699949903026513

cpu_hog alive elapsed=332 accumulator=18399441244787763507

cpu_hog alive elapsed=333 accumulator=7167069053633421760

cpu_hog alive elapsed=334 accumulator=12743775576639470063

cpu_hog alive elapsed=335 accumulator=12561242109302435792

cpu_hog alive elapsed=336 accumulator=2248615955981550714

cpu_hog alive elapsed=337 accumulator=13793165596978437237

cpu_hog alive elapsed=338 accumulator=1685450122048103874

cpu_hog alive elapsed=339 accumulator=797399859236987504

cpu_hog alive elapsed=340 accumulator=16385636190084104695

cpu_hog alive elapsed=341 accumulator=12919249905955614417

cpu_hog alive elapsed=342 accumulator=10158216145498678810

cpu_hog alive elapsed=343 accumulator=8202449796380129041

cpu_hog alive elapsed=344 accumulator=13581861527807038454

cpu_hog alive elapsed=345 accumulator=14596815132301798041

cpu_hog alive elapsed=346 accumulator=8820661554647081855

cpu_hog alive elapsed=347 accumulator=15245883373715612917

cpu_hog alive elapsed=348 accumulator=17994525694041368303

cpu_hog alive elapsed=349 accumulator=6063269144899673408

cpu_hog alive elapsed=350 accumulator=1935841998130049205

cpu_hog alive elapsed=351 accumulator=14053967803167588593

cpu_hog alive elapsed=352 accumulator=17101668184135247388

cpu_hog alive elapsed=353 accumulator=10345904471905817222

cpu_hog alive elapsed=354 accumulator=14141855669447027590

cpu_hog alive elapsed=355 accumulator=13309383799974382274

cpu_hog alive elapsed=356 accumulator=4979114283209881445

cpu_hog alive elapsed=357 accumulator=9468632517546600431

cpu_hog alive elapsed=358 accumulator=232664689075107448

cpu_hog alive elapsed=359 accumulator=12986334625914346915

cpu_hog alive elapsed=360 accumulator=7635726249783934028

cpu_hog alive elapsed=361 accumulator=4114385042593075155

cpu_hog alive elapsed=362 accumulator=8590427905795321163

cpu_hog alive elapsed=363 accumulator=6441912120089718437

cpu_hog alive elapsed=364 accumulator=2427034583315245225

cpu_hog alive elapsed=365 accumulator=1724256439786349544

cpu_hog alive elapsed=366 accumulator=1070810739666443694

cpu_hog alive elapsed=367 accumulator=8882208834411138385

cpu_hog alive elapsed=368 accumulator=13860356467302223517

cpu_hog alive elapsed=369 accumulator=18331371610713553942

cpu_hog alive elapsed=370 accumulator=4908431979008182218

cpu_hog alive elapsed=371 accumulator=9351606234411356593

cpu_hog alive elapsed=372 accumulator=15027334541119277195

cpu_hog alive elapsed=373 accumulator=7119741897100855644

cpu_hog alive elapsed=374 accumulator=3578927667662972206

cpu_hog alive elapsed=375 accumulator=2136620839000447360

cpu_hog alive elapsed=376 accumulator=9835151119056253982

cpu_hog alive elapsed=377 accumulator=1619188485186812576

cpu_hog alive elapsed=378 accumulator=5880261112276295947

cpu_hog alive elapsed=379 accumulator=17268350582097649458

cpu_hog alive elapsed=380 accumulator=16843404037577120650

cpu_hog alive elapsed=381 accumulator=15899756277703957634

cpu_hog alive elapsed=382 accumulator=1828250450958207087

cpu_hog alive elapsed=383 accumulator=2938398357258283801

cpu_hog alive elapsed=384 accumulator=3895214431321414551

cpu_hog alive elapsed=385 accumulator=2784004883292650037

cpu_hog alive elapsed=386 accumulator=7274982478651492039

cpu_hog alive elapsed=387 accumulator=18295260167150345956

cpu_hog alive elapsed=388 accumulator=4238838325582398369

cpu_hog alive elapsed=389 accumulator=8372442357583712277

cpu_hog alive elapsed=390 accumulator=8891470348309163960

cpu_hog alive elapsed=391 accumulator=151698799890768391

cpu_hog alive elapsed=392 accumulator=11742929293386870753

cpu_hog alive elapsed=393 accumulator=8307605812975415679

cpu_hog alive elapsed=394 accumulator=3281422072905758938

cpu_hog alive elapsed=395 accumulator=13204376080510379881

cpu_hog alive elapsed=396 accumulator=9503768147850484265

cpu_hog alive elapsed=397 accumulator=6613258285802831932

cpu_hog alive elapsed=398 accumulator=6431967323519942422

cpu_hog alive elapsed=399 accumulator=7106107538683641233

cpu_hog alive elapsed=400 accumulator=7035803952387373459

cpu_hog alive elapsed=401 accumulator=10166198630673774906

cpu_hog alive elapsed=402 accumulator=890391198204947853

cpu_hog alive elapsed=403 accumulator=163100815141521773

cpu_hog alive elapsed=404 accumulator=3480039877529189953

cpu_hog alive elapsed=405 accumulator=14335172759297887933

cpu_hog alive elapsed=406 accumulator=1532016920418923746

cpu_hog alive elapsed=407 accumulator=16662830423923430433

cpu_hog alive elapsed=408 accumulator=3945171814798915755

cpu_hog alive elapsed=409 accumulator=18200629961831078286

cpu_hog alive elapsed=410 accumulator=5084443380369266753

cpu_hog alive elapsed=411 accumulator=15769939419959733530

cpu_hog alive elapsed=412 accumulator=7397335411730053314

cpu_hog alive elapsed=413 accumulator=4686665537519123329

cpu_hog alive elapsed=414 accumulator=27909375606275367

cpu_hog alive elapsed=415 accumulator=16901044605762665827

cpu_hog alive elapsed=416 accumulator=4641635878929816968

cpu_hog alive elapsed=417 accumulator=14378651161379667273

cpu_hog alive elapsed=418 accumulator=2909193926846386548

cpu_hog alive elapsed=419 accumulator=14408569255475189507

cpu_hog alive elapsed=420 accumulator=17674924389947518332

cpu_hog alive elapsed=421 accumulator=1699420518772962706

cpu_hog alive elapsed=422 accumulator=8068679082377481980

cpu_hog alive elapsed=423 accumulator=12597882176620074153

cpu_hog alive elapsed=424 accumulator=1326935651511396822

cpu_hog alive elapsed=425 accumulator=2084655991100959441

cpu_hog alive elapsed=426 accumulator=1013346213923445867

cpu_hog alive elapsed=427 accumulator=4318134687374635598

cpu_hog alive elapsed=428 accumulator=3369409319779106

cpu_hog alive elapsed=429 accumulator=12958419986164130955

cpu_hog alive elapsed=430 accumulator=15502452456547919401

cpu_hog alive elapsed=431 accumulator=14904917569906331700

cpu_hog alive elapsed=432 accumulator=13205124644400682698

cpu_hog alive elapsed=433 accumulator=4180713172132710905

cpu_hog alive elapsed=434 accumulator=16418193685633300962

cpu_hog alive elapsed=435 accumulator=16825642114007485574

cpu_hog alive elapsed=436 accumulator=1698385607834083470

cpu_hog alive elapsed=437 accumulator=12808725281405952616

cpu_hog alive elapsed=438 accumulator=14257794038193279470

cpu_hog alive elapsed=439 accumulator=16972052130354833260

cpu_hog alive elapsed=440 accumulator=13497608237729260857

cpu_hog alive elapsed=441 accumulator=9571555213660701380

cpu_hog alive elapsed=442 accumulator=2322544525195536522

cpu_hog alive elapsed=443 accumulator=8438617003354922828

cpu_hog alive elapsed=444 accumulator=13825559670628193581

cpu_hog alive elapsed=445 accumulator=8770124638219938930

cpu_hog alive elapsed=446 accumulator=6767109582243922756

cpu_hog alive elapsed=447 accumulator=12889452954397093936

cpu_hog alive elapsed=448 accumulator=4200272054787212197

cpu_hog alive elapsed=449 accumulator=7147034447963556542

cpu_hog alive elapsed=450 accumulator=2963873915652530651

cpu_hog alive elapsed=451 accumulator=11594691143983571207

cpu_hog alive elapsed=452 accumulator=5402530417863572439

cpu_hog alive elapsed=453 accumulator=11815198641653749168

cpu_hog alive elapsed=454 accumulator=8766778200383742231

cpu_hog alive elapsed=455 accumulator=5620553490215058657

cpu_hog alive elapsed=456 accumulator=147659191430016277

cpu_hog alive elapsed=457 accumulator=3749935505484097469

cpu_hog alive elapsed=458 accumulator=17898287075737471300

cpu_hog alive elapsed=459 accumulator=17463473271063727575

cpu_hog alive elapsed=460 accumulator=7827136889150834179

cpu_hog alive elapsed=461 accumulator=10737194273015104417

cpu_hog alive elapsed=462 accumulator=12651782028263256030

cpu_hog alive elapsed=463 accumulator=16495873999719246929

cpu_hog alive elapsed=464 accumulator=8654118565868731106

cpu_hog alive elapsed=465 accumulator=4672994178999587061

cpu_hog alive elapsed=466 accumulator=990918522356616786

cpu_hog alive elapsed=467 accumulator=3124109899455543551

cpu_hog alive elapsed=468 accumulator=5845264222073870342

cpu_hog alive elapsed=469 accumulator=15372522713718773589

cpu_hog alive elapsed=470 accumulator=17876575529364152632

cpu_hog alive elapsed=471 accumulator=17777582696203006828

cpu_hog alive elapsed=472 accumulator=9805216817630614499

cpu_hog alive elapsed=473 accumulator=5916421136843083165

cpu_hog alive elapsed=474 accumulator=7187077447874108879

cpu_hog alive elapsed=475 accumulator=2692584225315856128

cpu_hog alive elapsed=476 accumulator=4492254232715760206

cpu_hog alive elapsed=477 accumulator=14867263526147467525

cpu_hog alive elapsed=478 accumulator=403320972909870512

cpu_hog alive elapsed=479 accumulator=2620948537990899270

cpu_hog alive elapsed=480 accumulator=11200127638387804297

cpu_hog alive elapsed=481 accumulator=5381627160071147092

cpu_hog alive elapsed=482 accumulator=11196288768118431244

cpu_hog alive elapsed=483 accumulator=2726894453270063974

cpu_hog alive elapsed=484 accumulator=11258950033319394095

cpu_hog alive elapsed=485 accumulator=7561793093728048749

cpu_hog alive elapsed=486 accumulator=10310817984511126000

cpu_hog alive elapsed=487 accumulator=16558232892217948438

cpu_hog alive elapsed=488 accumulator=5872564452263668593

cpu_hog alive elapsed=489 accumulator=6132273122999408786

cpu_hog alive elapsed=490 accumulator=2729751255584075895

cpu_hog alive elapsed=491 accumulator=4596521126863796493

cpu_hog alive elapsed=492 accumulator=11529622090757930929

cpu_hog alive elapsed=493 accumulator=16609898996762695452

cpu_hog alive elapsed=494 accumulator=10148841967293912651

cpu_hog alive elapsed=495 accumulator=16963180653823725123

cpu_hog alive elapsed=496 accumulator=1299506578040857931

cpu_hog alive elapsed=497 accumulator=12030226290327012

cpu_hog alive elapsed=498 accumulator=3117930777946406734

cpu_hog alive elapsed=499 accumulator=12684669767322119456

cpu_hog alive elapsed=500 accumulator=2383451479380522985

cpu_hog alive elapsed=501 accumulator=7743837229835492998

cpu_hog alive elapsed=502 accumulator=5744403183621161011

cpu_hog alive elapsed=503 accumulator=12046716750701331766

cpu_hog alive elapsed=504 accumulator=2879748147625298388

cpu_hog alive elapsed=505 accumulator=18421850759307258491

cpu_hog alive elapsed=506 accumulator=1484900209818525024

cpu_hog alive elapsed=507 accumulator=12581134900582965250

cpu_hog alive elapsed=508 accumulator=3144221686619516315

cpu_hog alive elapsed=509 accumulator=5425609469154208497

cpu_hog alive elapsed=510 accumulator=12835256645655990843

cpu_hog alive elapsed=511 accumulator=331212933449138120

cpu_hog alive elapsed=512 accumulator=6653711025954353485

cpu_hog alive elapsed=513 accumulator=12991302543568197828

cpu_hog alive elapsed=514 accumulator=4796697852111893401

cpu_hog alive elapsed=515 accumulator=9041436569955491495

cpu_hog alive elapsed=516 accumulator=11123848098563406665

cpu_hog alive elapsed=517 accumulator=5884626038811201531

cpu_hog alive elapsed=518 accumulator=15497619493628079618

cpu_hog alive elapsed=519 accumulator=7774175081702038081

cpu_hog alive elapsed=520 accumulator=10818501424052947008

cpu_hog alive elapsed=521 accumulator=6624885894428598475

cpu_hog alive elapsed=522 accumulator=3429274610667432170

cpu_hog alive elapsed=523 accumulator=15927942945309633777

cpu_hog alive elapsed=524 accumulator=10576790671281213570

cpu_hog alive elapsed=525 accumulator=15064151875866414769

cpu_hog alive elapsed=526 accumulator=18191029964697534294

cpu_hog alive elapsed=527 accumulator=2335103714792036608

cpu_hog alive elapsed=528 accumulator=8642892126684716343

cpu_hog alive elapsed=529 accumulator=13145426878363517619

cpu_hog alive elapsed=530 accumulator=9915648192498687489

cpu_hog alive elapsed=531 accumulator=10875979542000796213

cpu_hog alive elapsed=532 accumulator=15233247256831706307

cpu_hog alive elapsed=533 accumulator=13995571954878963236

cpu_hog alive elapsed=534 accumulator=18016121892072623750

cpu_hog alive elapsed=535 accumulator=13638846764184298904

cpu_hog alive elapsed=536 accumulator=6861133696945739730

cpu_hog alive elapsed=537 accumulator=8114916810204015006

cpu_hog alive elapsed=538 accumulator=18417136896096155321

cpu_hog alive elapsed=539 accumulator=16579431548739204239

cpu_hog alive elapsed=540 accumulator=12028913058699074123

cpu_hog alive elapsed=541 accumulator=9517353763111453174

cpu_hog alive elapsed=542 accumulator=14515690881889124249

cpu_hog alive elapsed=543 accumulator=7611075750381078718

cpu_hog alive elapsed=544 accumulator=12955654215779231693

cpu_hog alive elapsed=545 accumulator=7999121485071023244

cpu_hog alive elapsed=546 accumulator=5967808626516383511

cpu_hog alive elapsed=547 accumulator=14553489788577238103

cpu_hog alive elapsed=548 accumulator=5807485821264413249

cpu_hog alive elapsed=549 accumulator=3948377614491105599

cpu_hog alive elapsed=550 accumulator=6575712725925429349

cpu_hog alive elapsed=551 accumulator=443445809616460182

cpu_hog alive elapsed=552 accumulator=10255628575034705503

cpu_hog alive elapsed=553 accumulator=6432868145940695590

cpu_hog alive elapsed=554 accumulator=1611404214176056060

cpu_hog alive elapsed=555 accumulator=7407061436511079255

cpu_hog alive elapsed=556 accumulator=13203068421189308882

cpu_hog alive elapsed=557 accumulator=10946672998316522909

cpu_hog alive elapsed=558 accumulator=11976153959117963924

cpu_hog alive elapsed=559 accumulator=12342963246140480624

cpu_hog alive elapsed=560 accumulator=8597248043617430605

cpu_hog alive elapsed=561 accumulator=9371449723224752464

cpu_hog alive elapsed=562 accumulator=15514865971616769995

cpu_hog alive elapsed=563 accumulator=12988864449068657570

cpu_hog alive elapsed=564 accumulator=16840911784916703117

cpu_hog alive elapsed=565 accumulator=13731720435641678358

cpu_hog alive elapsed=566 accumulator=64511912843703893

cpu_hog alive elapsed=567 accumulator=12226200126666765758

cpu_hog alive elapsed=568 accumulator=4175669169449178263

cpu_hog alive elapsed=569 accumulator=8828787946281008891

cpu_hog alive elapsed=570 accumulator=14990877073132441799

cpu_hog alive elapsed=571 accumulator=2048443166330949282

cpu_hog alive elapsed=572 accumulator=4263305687408857781

cpu_hog alive elapsed=573 accumulator=3127776303743326913

cpu_hog alive elapsed=574 accumulator=2118312529312419054

cpu_hog alive elapsed=575 accumulator=16540048251691173046

cpu_hog alive elapsed=576 accumulator=14266228090144680779

cpu_hog alive elapsed=577 accumulator=12367115401138808157

cpu_hog alive elapsed=578 accumulator=2307786361130753057

cpu_hog alive elapsed=579 accumulator=3175468581746876230

cpu_hog alive elapsed=580 accumulator=13335065208683705125

cpu_hog alive elapsed=581 accumulator=13901472644759118534

cpu_hog alive elapsed=582 accumulator=250089312375071891

cpu_hog alive elapsed=583 accumulator=14592378414636255446

cpu_hog alive elapsed=584 accumulator=5522259336088371843

cpu_hog alive elapsed=585 accumulator=14402300670855228287

cpu_hog alive elapsed=586 accumulator=1271839418292818821

cpu_hog alive elapsed=587 accumulator=18301663264317360904

cpu_hog alive elapsed=588 accumulator=17611237172644690356

cpu_hog alive elapsed=589 accumulator=9876115342892006005

cpu_hog alive elapsed=590 accumulator=2417053699322000853

cpu_hog alive elapsed=591 accumulator=2477156253118152794

cpu_hog alive elapsed=592 accumulator=14400541198310543212

cpu_hog alive elapsed=593 accumulator=13757409796003151441

cpu_hog alive elapsed=594 accumulator=9931741451178199320

cpu_hog alive elapsed=595 accumulator=6649080934322961369

cpu_hog alive elapsed=596 accumulator=9343840483192379608

cpu_hog alive elapsed=597 accumulator=4563988922480254121

cpu_hog alive elapsed=598 accumulator=214000138482367323

cpu_hog alive elapsed=599 accumulator=13811834964478222855

cpu_hog alive elapsed=600 accumulator=4081340146983342213

cpu_hog alive elapsed=601 accumulator=18444265210725789478

cpu_hog alive elapsed=602 accumulator=1505024683913991338

cpu_hog alive elapsed=603 accumulator=2916799231060525470

cpu_hog alive elapsed=604 accumulator=10510975144925267164

cpu_hog alive elapsed=605 accumulator=6881917959693254575

cpu_hog alive elapsed=606 accumulator=12551530324423142002

cpu_hog alive elapsed=607 accumulator=7735056706444033631

cpu_hog alive elapsed=608 accumulator=6192425999060909376

cpu_hog alive elapsed=609 accumulator=17455255059414963790

cpu_hog alive elapsed=610 accumulator=13601480629184999537

cpu_hog alive elapsed=611 accumulator=8060007889210709082

cpu_hog alive elapsed=612 accumulator=10661276150127145768

cpu_hog alive elapsed=613 accumulator=1707931487846916723

cpu_hog alive elapsed=614 accumulator=5462947477141287226

cpu_hog alive elapsed=615 accumulator=887126300129150936

cpu_hog alive elapsed=616 accumulator=17115752820375823668

cpu_hog alive elapsed=617 accumulator=16539164814902739515

cpu_hog alive elapsed=618 accumulator=11451787488683367905

cpu_hog alive elapsed=619 accumulator=17770282116467650591

cpu_hog alive elapsed=620 accumulator=6388236065672439306

cpu_hog alive elapsed=621 accumulator=9766609568453518059

cpu_hog alive elapsed=622 accumulator=13729735905827507164

cpu_hog alive elapsed=623 accumulator=8922394774796956579

cpu_hog alive elapsed=624 accumulator=7561157813150246394

cpu_hog alive elapsed=625 accumulator=12773431732649409823

cpu_hog alive elapsed=626 accumulator=18274877350472562040

cpu_hog alive elapsed=627 accumulator=9665073642374163840

cpu_hog alive elapsed=628 accumulator=9614113098735059826

cpu_hog alive elapsed=629 accumulator=15955633635781035742

cpu_hog alive elapsed=630 accumulator=16149504380151043043

cpu_hog alive elapsed=631 accumulator=11917277012204271748

cpu_hog alive elapsed=632 accumulator=14952562516955088567

cpu_hog alive elapsed=633 accumulator=6856364402621278981

cpu_hog alive elapsed=634 accumulator=5490742125793295009

cpu_hog alive elapsed=635 accumulator=17779475792024279517

cpu_hog alive elapsed=636 accumulator=4950771236816039909

cpu_hog alive elapsed=637 accumulator=18290357520334244722

cpu_hog alive elapsed=638 accumulator=12069775384051843767

cpu_hog alive elapsed=639 accumulator=3772137367030525199

cpu_hog alive elapsed=640 accumulator=16091511984946606585

cpu_hog alive elapsed=641 accumulator=10425190236606180185

cpu_hog alive elapsed=642 accumulator=8668436092090555967

cpu_hog alive elapsed=643 accumulator=5242686935346694897

cpu_hog alive elapsed=644 accumulator=4051395261524776460

cpu_hog alive elapsed=645 accumulator=937445523948620998

cpu_hog alive elapsed=646 accumulator=2174522634452736879

cpu_hog alive elapsed=647 accumulator=10877506030437330325

cpu_hog alive elapsed=648 accumulator=11613365574507729712

cpu_hog alive elapsed=649 accumulator=4166821358801214193

cpu_hog alive elapsed=650 accumulator=4758971774882584903

cpu_hog alive elapsed=651 accumulator=993244629964025887

cpu_hog alive elapsed=652 accumulator=6623117947248222405

cpu_hog alive elapsed=653 accumulator=16287976808171047144

cpu_hog alive elapsed=654 accumulator=9261506898092700317

cpu_hog alive elapsed=655 accumulator=6525425224247576384

cpu_hog alive elapsed=656 accumulator=17008699199584713957

cpu_hog alive elapsed=657 accumulator=17158505578152798052

cpu_hog alive elapsed=658 accumulator=14609667672329746139

Container alpha started with PID 5163
cpu_hog alive elapsed=1 accumulator=16113600419169573279

cpu_hog alive elapsed=2 accumulator=9244069449008108536

cpu_hog alive elapsed=3 accumulator=5333498286417209093

cpu_hog alive elapsed=4 accumulator=12945479844826711822

cpu_hog alive elapsed=5 accumulator=7461195727639409394

cpu_hog alive elapsed=6 accumulator=13073452872487742671

cpu_hog alive elapsed=7 accumulator=13118453859477157627

cpu_hog alive elapsed=8 accumulator=10133031433960751396

cpu_hog alive elapsed=9 accumulator=7726749789815170241

cpu_hog alive elapsed=10 accumulator=14594283085599145021

cpu_hog alive elapsed=11 accumulator=11045912362374678943

cpu_hog alive elapsed=12 accumulator=10149120613769842212

cpu_hog alive elapsed=13 accumulator=3234795474911087798

cpu_hog alive elapsed=14 accumulator=17993495462354690125

cpu_hog alive elapsed=15 accumulator=7298959754857529769

cpu_hog alive elapsed=16 accumulator=12913349274265677209

cpu_hog alive elapsed=17 accumulator=12010966915948139209

cpu_hog alive elapsed=18 accumulator=7976832125906225775

cpu_hog alive elapsed=19 accumulator=9351441531860763359

cpu_hog alive elapsed=20 accumulator=11422027839173493762

cpu_hog alive elapsed=21 accumulator=8731251811108008089

cpu_hog alive elapsed=22 accumulator=12173252676516842895

cpu_hog alive elapsed=23 accumulator=14180059041761072183

cpu_hog alive elapsed=24 accumulator=6124138780804568903

cpu_hog alive elapsed=25 accumulator=7221405405770697881

cpu_hog alive elapsed=26 accumulator=15612658621271205729

cpu_hog alive elapsed=27 accumulator=35795300786547427

cpu_hog alive elapsed=28 accumulator=3882079303157389047

cpu_hog alive elapsed=29 accumulator=6557017202453011668

cpu_hog alive elapsed=30 accumulator=16441393481403128242

cpu_hog alive elapsed=31 accumulator=10890395983709619462

cpu_hog alive elapsed=32 accumulator=7239175490182924033

cpu_hog alive elapsed=33 accumulator=16548359163441654605

cpu_hog alive elapsed=34 accumulator=3478555978064162870

cpu_hog alive elapsed=35 accumulator=47491265806058674

cpu_hog alive elapsed=36 accumulator=3115726903176400778

cpu_hog alive elapsed=37 accumulator=4813919658021412344

cpu_hog alive elapsed=38 accumulator=5624819615190285831

cpu_hog alive elapsed=39 accumulator=13308984593040704509

cpu_hog alive elapsed=40 accumulator=5718865177512950171

cpu_hog alive elapsed=41 accumulator=11288295592415293321

cpu_hog alive elapsed=42 accumulator=9633459319466985786

cpu_hog alive elapsed=43 accumulator=12305205889983022749

cpu_hog alive elapsed=44 accumulator=14296720109916006948

cpu_hog alive elapsed=45 accumulator=2037822062519119879

cpu_hog alive elapsed=46 accumulator=3975854563194521505

cpu_hog alive elapsed=47 accumulator=6595353279780436638

cpu_hog alive elapsed=48 accumulator=678386870092589984

cpu_hog alive elapsed=49 accumulator=11477139439887640329

cpu_hog alive elapsed=50 accumulator=17571605613131644935

cpu_hog alive elapsed=51 accumulator=14141366881506176064

cpu_hog alive elapsed=52 accumulator=15369448593449754027

cpu_hog alive elapsed=53 accumulator=9915505366254055191

cpu_hog alive elapsed=54 accumulator=5767949838304930033

cpu_hog alive elapsed=55 accumulator=11737993152389311123

cpu_hog alive elapsed=56 accumulator=16309107203858584866

cpu_hog alive elapsed=57 accumulator=17011970037110135989

cpu_hog alive elapsed=58 accumulator=7613125194979933088

cpu_hog alive elapsed=59 accumulator=906460871338619354

cpu_hog alive elapsed=60 accumulator=1559614592004488538

cpu_hog alive elapsed=61 accumulator=14745454256560408831

cpu_hog alive elapsed=62 accumulator=15358421266463628905

cpu_hog alive elapsed=63 accumulator=6192191029859134325

cpu_hog alive elapsed=64 accumulator=3883821315385773285

cpu_hog alive elapsed=65 accumulator=4495446144874204027

cpu_hog alive elapsed=66 accumulator=14716908552106130858

cpu_hog alive elapsed=67 accumulator=5244695601011018304

cpu_hog alive elapsed=68 accumulator=14583284784389085357

cpu_hog alive elapsed=69 accumulator=14006166721616019261

cpu_hog alive elapsed=70 accumulator=230067219231142004

cpu_hog alive elapsed=71 accumulator=3556964794296161556

cpu_hog alive elapsed=72 accumulator=15077486343430549144

cpu_hog alive elapsed=73 accumulator=14608868943366215935

cpu_hog alive elapsed=74 accumulator=2894639911743129590

cpu_hog alive elapsed=75 accumulator=8291790143518001632

cpu_hog alive elapsed=76 accumulator=17866889280122146971

cpu_hog alive elapsed=77 accumulator=13882423278056262780

cpu_hog alive elapsed=78 accumulator=2038795113875067968

cpu_hog alive elapsed=79 accumulator=15023935319531709437

cpu_hog alive elapsed=80 accumulator=8331630559854339350

cpu_hog alive elapsed=81 accumulator=4132251708225922219

cpu_hog alive elapsed=82 accumulator=1569816849527764796

cpu_hog alive elapsed=83 accumulator=4747090481677907239

