Container beta started with PID 3223
allocation=1 chunk=8MB total=8MB

allocation=2 chunk=8MB total=16MB

allocation=3 chunk=8MB total=24MB

allocation=4 chunk=8MB total=32MB

Container beta started with PID 4067
allocation=1 chunk=8MB total=8MB

allocation=2 chunk=8MB total=16MB

allocation=3 chunk=8MB total=24MB

allocation=4 chunk=8MB total=32MB

Container beta started with PID 4143
cpu_hog alive elapsed=1 accumulator=8706014616717855395

cpu_hog alive elapsed=2 accumulator=11739390112488244615

cpu_hog alive elapsed=3 accumulator=3935847854814536286

cpu_hog alive elapsed=4 accumulator=1099902160987893555

cpu_hog alive elapsed=5 accumulator=15519412535038340218

cpu_hog alive elapsed=6 accumulator=9175566481959616934

cpu_hog alive elapsed=7 accumulator=14288507484964399169

cpu_hog alive elapsed=8 accumulator=8370602108678432123

cpu_hog alive elapsed=9 accumulator=7852324959603185100

cpu_hog alive elapsed=10 accumulator=8198211655070350744

cpu_hog done duration=10 accumulator=8198211655070350744

Container beta started with PID 4200
cpu_hog alive elapsed=1 accumulator=1658447053872326855

cpu_hog alive elapsed=2 accumulator=12600212183575265407

cpu_hog alive elapsed=3 accumulator=17012300632612572041

cpu_hog alive elapsed=4 accumulator=4248089544992375170

cpu_hog alive elapsed=5 accumulator=17123340349983936856

cpu_hog alive elapsed=6 accumulator=2160847371713650229

cpu_hog alive elapsed=7 accumulator=8999455605745068164

cpu_hog alive elapsed=8 accumulator=16045312693487011117

cpu_hog alive elapsed=9 accumulator=6179934236479559767

cpu_hog done duration=10 accumulator=16844815549727681174

Container beta started with PID 4275
cpu_hog alive elapsed=1 accumulator=3306508290276420420

cpu_hog alive elapsed=2 accumulator=9431252928192940582

cpu_hog alive elapsed=3 accumulator=11429439748378736091

cpu_hog alive elapsed=4 accumulator=5534313871578111835

cpu_hog alive elapsed=5 accumulator=2644780166739718998

cpu_hog alive elapsed=6 accumulator=6080912073852493716

cpu_hog alive elapsed=7 accumulator=11036627025112326395

cpu_hog alive elapsed=8 accumulator=6813709946089617129

cpu_hog alive elapsed=9 accumulator=14148774055241807373

cpu_hog alive elapsed=10 accumulator=17062063637486586381

cpu_hog done duration=10 accumulator=17062063637486586381

Container beta started with PID 4297
cpu_hog alive elapsed=1 accumulator=17002898450718292558

cpu_hog alive elapsed=2 accumulator=13686772204072041600

cpu_hog alive elapsed=3 accumulator=4876744471638900392

cpu_hog alive elapsed=4 accumulator=4253413459515151066

cpu_hog alive elapsed=5 accumulator=71257850931825983

cpu_hog alive elapsed=6 accumulator=12095312800976316707

cpu_hog alive elapsed=7 accumulator=1610131629185050641

cpu_hog alive elapsed=8 accumulator=10134215732135420974

cpu_hog alive elapsed=9 accumulator=13242002193463944044

cpu_hog alive elapsed=10 accumulator=11436181203719381829

cpu_hog done duration=10 accumulator=11436181203719381829

Container beta started with PID 3056
allocation=1 chunk=8MB total=8MB

allocation=2 chunk=8MB total=16MB

allocation=3 chunk=8MB total=24MB

allocation=4 chunk=8MB total=32MB

Container beta started with PID 3085
cpu_hog alive elapsed=1 accumulator=6488857088376630841

cpu_hog alive elapsed=2 accumulator=2469951037800180869

cpu_hog alive elapsed=3 accumulator=9349470267767505120

cpu_hog alive elapsed=4 accumulator=11342213520944810852

cpu_hog alive elapsed=5 accumulator=3987493919976212710

cpu_hog alive elapsed=6 accumulator=4131273817279686368

cpu_hog alive elapsed=7 accumulator=17552860500964241646

cpu_hog alive elapsed=8 accumulator=7945427163941980638

cpu_hog alive elapsed=9 accumulator=11970723950429983664

cpu_hog alive elapsed=10 accumulator=5436188956982813652

cpu_hog done duration=10 accumulator=5436188956982813652

Container beta started with PID 3636
allocation=1 chunk=8MB total=8MB

allocation=2 chunk=8MB total=16MB

allocation=3 chunk=8MB total=24MB

allocation=4 chunk=8MB total=32MB

Container beta started with PID 3672
cpu_hog alive elapsed=1 accumulator=4558557582776132

cpu_hog alive elapsed=2 accumulator=5746372643550431478

cpu_hog alive elapsed=3 accumulator=9875183248533370866

cpu_hog alive elapsed=4 accumulator=5167872521799711185

cpu_hog alive elapsed=5 accumulator=1457792198271823761

cpu_hog alive elapsed=6 accumulator=11680122758951393272

cpu_hog alive elapsed=7 accumulator=6156884869997025158

cpu_hog alive elapsed=8 accumulator=15138738684251514136

cpu_hog alive elapsed=9 accumulator=13057842764304508928

cpu_hog done duration=10 accumulator=1044770400452325292

Container beta started with PID 3752
cpu_hog alive elapsed=1 accumulator=955179480904273392

cpu_hog alive elapsed=2 accumulator=14885966102097954393

cpu_hog alive elapsed=3 accumulator=9281673636499667132

cpu_hog alive elapsed=4 accumulator=2889223891728052126

cpu_hog alive elapsed=5 accumulator=16740392829652244127

cpu_hog alive elapsed=6 accumulator=9739362451282892086

cpu_hog alive elapsed=7 accumulator=5581496690001739518

cpu_hog alive elapsed=8 accumulator=12025155154241692828

cpu_hog alive elapsed=9 accumulator=8175065507965230088

cpu_hog done duration=10 accumulator=2082610217718512120

Container beta started with PID 3976
cpu_hog alive elapsed=1 accumulator=10948657934285136448

cpu_hog alive elapsed=2 accumulator=8148478589165549846

cpu_hog alive elapsed=3 accumulator=13945676868305025432

cpu_hog alive elapsed=4 accumulator=10815933021610606408

cpu_hog alive elapsed=5 accumulator=15452488503668759995

cpu_hog alive elapsed=6 accumulator=6484202698684365061

cpu_hog alive elapsed=7 accumulator=11942269372553163157

cpu_hog alive elapsed=8 accumulator=12897613491996514993

cpu_hog alive elapsed=9 accumulator=9420269444262775317

cpu_hog alive elapsed=10 accumulator=13829522520906610272

cpu_hog done duration=10 accumulator=13829522520906610272

Container beta started with PID 4860
cpu_hog alive elapsed=1 accumulator=6635496655479791387

cpu_hog alive elapsed=2 accumulator=12882727943233348757

cpu_hog alive elapsed=3 accumulator=4093556432502041982

cpu_hog alive elapsed=4 accumulator=14210409189538656609

cpu_hog alive elapsed=5 accumulator=17254056458725662219

cpu_hog alive elapsed=6 accumulator=5259138645958097545

cpu_hog alive elapsed=7 accumulator=5067104212380320554

cpu_hog alive elapsed=8 accumulator=7860245248374678603

cpu_hog alive elapsed=9 accumulator=9023066074843387918

cpu_hog alive elapsed=10 accumulator=11775021460175462163

cpu_hog alive elapsed=11 accumulator=4569155788738869570

cpu_hog alive elapsed=12 accumulator=3153567868898317794

cpu_hog alive elapsed=13 accumulator=484764393022402590

cpu_hog alive elapsed=14 accumulator=16467512905318630478

cpu_hog alive elapsed=15 accumulator=6386278405158987690

cpu_hog alive elapsed=16 accumulator=11833406294889139136

cpu_hog alive elapsed=17 accumulator=3200933113226026901

cpu_hog alive elapsed=18 accumulator=6781550365146074095

cpu_hog alive elapsed=19 accumulator=6072780254538931886

cpu_hog alive elapsed=20 accumulator=17091380068827000213

cpu_hog alive elapsed=21 accumulator=522452342052157085

cpu_hog alive elapsed=22 accumulator=6068604598861394912

cpu_hog alive elapsed=23 accumulator=384203610862825753

cpu_hog alive elapsed=24 accumulator=17220047327026395260

cpu_hog alive elapsed=25 accumulator=15994481475447617737

cpu_hog alive elapsed=26 accumulator=17709827210519285547

cpu_hog alive elapsed=27 accumulator=7185773654632662849

cpu_hog alive elapsed=28 accumulator=12658007782509297672

cpu_hog alive elapsed=29 accumulator=2844898990370828386

cpu_hog alive elapsed=30 accumulator=5521045023615506720

cpu_hog alive elapsed=31 accumulator=4828226849650584512

cpu_hog alive elapsed=32 accumulator=4657527422893768070

cpu_hog alive elapsed=33 accumulator=12639310107801997878

cpu_hog alive elapsed=34 accumulator=13221318487360738958

cpu_hog alive elapsed=35 accumulator=13201208223642784466

cpu_hog alive elapsed=36 accumulator=3892681979682509369

cpu_hog alive elapsed=37 accumulator=5738292793491133514

cpu_hog alive elapsed=38 accumulator=14347169908032161881

cpu_hog alive elapsed=39 accumulator=1435021213882802625

cpu_hog alive elapsed=40 accumulator=11252103973284823899

cpu_hog alive elapsed=41 accumulator=9052576960186383448

cpu_hog alive elapsed=42 accumulator=17112727498903473499

cpu_hog alive elapsed=43 accumulator=1372367217659477765

cpu_hog alive elapsed=44 accumulator=6066240888732453125

cpu_hog alive elapsed=45 accumulator=11073137889509678577

cpu_hog alive elapsed=46 accumulator=2418259764082506549

cpu_hog alive elapsed=47 accumulator=2789785183648123660

cpu_hog alive elapsed=48 accumulator=15339019106539067008

cpu_hog alive elapsed=49 accumulator=9029476731630969379

cpu_hog alive elapsed=50 accumulator=10931308996879055796

cpu_hog alive elapsed=51 accumulator=9912570696119389632

cpu_hog alive elapsed=52 accumulator=2992702601386022954

cpu_hog alive elapsed=53 accumulator=3927551102908316109

cpu_hog alive elapsed=54 accumulator=14538248745516934073

cpu_hog alive elapsed=55 accumulator=17885500750832955467

cpu_hog alive elapsed=56 accumulator=18082423965349751427

cpu_hog alive elapsed=57 accumulator=14231920881680479691

cpu_hog alive elapsed=58 accumulator=1859536991993209365

cpu_hog alive elapsed=59 accumulator=8185333799465737599

cpu_hog alive elapsed=60 accumulator=13463794475712299688

cpu_hog alive elapsed=61 accumulator=9418001814765922780

cpu_hog alive elapsed=62 accumulator=853733432307270919

cpu_hog alive elapsed=63 accumulator=4062395947989719085

cpu_hog alive elapsed=64 accumulator=13699940602055232280

cpu_hog alive elapsed=65 accumulator=7584710421318378042

cpu_hog alive elapsed=66 accumulator=18101560060876751244

cpu_hog alive elapsed=67 accumulator=4204926766380377508

cpu_hog alive elapsed=68 accumulator=10434493555918150604

cpu_hog alive elapsed=69 accumulator=2995307183442965051

cpu_hog alive elapsed=70 accumulator=8970261581084795897

cpu_hog alive elapsed=71 accumulator=313754396127368287

cpu_hog alive elapsed=72 accumulator=7296842109531797703

cpu_hog alive elapsed=73 accumulator=11225076848312894508

cpu_hog alive elapsed=74 accumulator=5766053961803429055

cpu_hog alive elapsed=75 accumulator=10641418144118045476

cpu_hog alive elapsed=76 accumulator=14261088147661379868

cpu_hog alive elapsed=77 accumulator=14438434899929313314

cpu_hog alive elapsed=78 accumulator=5345466448799869681

cpu_hog alive elapsed=79 accumulator=13700722489098852274

cpu_hog alive elapsed=80 accumulator=4548041990984175306

cpu_hog alive elapsed=81 accumulator=6839623914797353957

cpu_hog alive elapsed=82 accumulator=12464058568445870686

cpu_hog alive elapsed=83 accumulator=2735644693680287276

cpu_hog alive elapsed=84 accumulator=4941090904505778275

cpu_hog alive elapsed=85 accumulator=15281649576953435516

cpu_hog alive elapsed=86 accumulator=17465533911371078508

cpu_hog alive elapsed=87 accumulator=1091965412276540504

cpu_hog alive elapsed=88 accumulator=9778672310917190399

cpu_hog alive elapsed=89 accumulator=4391606888232995575

cpu_hog alive elapsed=90 accumulator=4620635724945502180

cpu_hog alive elapsed=91 accumulator=3306548909790020043

cpu_hog alive elapsed=92 accumulator=14690995760939791172

cpu_hog alive elapsed=93 accumulator=14269344135152148706

cpu_hog alive elapsed=94 accumulator=16039302631479534290

cpu_hog alive elapsed=95 accumulator=10788961090113056417

cpu_hog alive elapsed=96 accumulator=7973146137994057327

cpu_hog alive elapsed=97 accumulator=11959527290166017392

cpu_hog alive elapsed=98 accumulator=15938899489540148892

cpu_hog alive elapsed=99 accumulator=10739714213105276402

cpu_hog alive elapsed=100 accumulator=1843469728895276137

cpu_hog alive elapsed=101 accumulator=16690734619522327405

cpu_hog alive elapsed=102 accumulator=2013137043079458248

cpu_hog alive elapsed=103 accumulator=2057481463340777993

cpu_hog alive elapsed=104 accumulator=5647902714391423296

cpu_hog alive elapsed=105 accumulator=10152522477202680803

cpu_hog alive elapsed=106 accumulator=8400805037598393210

cpu_hog alive elapsed=107 accumulator=4132028687030656149

cpu_hog alive elapsed=108 accumulator=10130990085722317339

cpu_hog alive elapsed=109 accumulator=17356268100354763870

cpu_hog alive elapsed=110 accumulator=4741553050299584596

cpu_hog alive elapsed=111 accumulator=11704696324096704782

cpu_hog alive elapsed=112 accumulator=13967657681011599165

cpu_hog alive elapsed=113 accumulator=1450713148631588272

cpu_hog alive elapsed=114 accumulator=18368954443765396077

cpu_hog alive elapsed=115 accumulator=9916595678420067493

cpu_hog alive elapsed=116 accumulator=3544207312829272415

cpu_hog alive elapsed=117 accumulator=17894048778263877337

cpu_hog alive elapsed=118 accumulator=16319254988062477720

cpu_hog alive elapsed=119 accumulator=1130190102545064315

cpu_hog alive elapsed=120 accumulator=12551654211042916415

cpu_hog alive elapsed=121 accumulator=16439410694652179517

cpu_hog alive elapsed=122 accumulator=11680294749902682381

cpu_hog alive elapsed=123 accumulator=9943850076875064020

cpu_hog alive elapsed=124 accumulator=17799805145498238571

cpu_hog alive elapsed=125 accumulator=1146682791175709834

cpu_hog alive elapsed=126 accumulator=3887020270063318364

cpu_hog alive elapsed=127 accumulator=832420577681015169

cpu_hog alive elapsed=128 accumulator=10187095117168772582

cpu_hog alive elapsed=129 accumulator=10569761221280857762

cpu_hog alive elapsed=130 accumulator=16822046054009159275

cpu_hog alive elapsed=131 accumulator=3199235606761483384

cpu_hog alive elapsed=132 accumulator=15697184161578330825

cpu_hog alive elapsed=133 accumulator=15799597017582766118

cpu_hog alive elapsed=134 accumulator=4933311622902906573

cpu_hog alive elapsed=135 accumulator=963088697210525510

cpu_hog alive elapsed=136 accumulator=15383204333124874514

cpu_hog alive elapsed=137 accumulator=6905673704923969135

cpu_hog alive elapsed=138 accumulator=480349714836277844

cpu_hog alive elapsed=139 accumulator=3173126174414626895

cpu_hog alive elapsed=140 accumulator=17958331781669218006

cpu_hog alive elapsed=141 accumulator=10678475995380885130

cpu_hog alive elapsed=142 accumulator=16775383466585691543

cpu_hog alive elapsed=143 accumulator=17999659529977703212

cpu_hog alive elapsed=144 accumulator=11339136071144716357

cpu_hog alive elapsed=145 accumulator=16445154556227721125

cpu_hog alive elapsed=146 accumulator=10605900447955232202

cpu_hog alive elapsed=147 accumulator=2481762436131262813

cpu_hog alive elapsed=148 accumulator=10499796200165494649

cpu_hog alive elapsed=149 accumulator=18333577814578521008

cpu_hog alive elapsed=150 accumulator=4403025310247818205

cpu_hog alive elapsed=151 accumulator=17872760763856025294

cpu_hog alive elapsed=152 accumulator=4721741839972214919

cpu_hog alive elapsed=153 accumulator=11713429650025600651

cpu_hog alive elapsed=154 accumulator=17913567250198336894

cpu_hog alive elapsed=155 accumulator=4382431390870725931

cpu_hog alive elapsed=156 accumulator=1266301714326716872

cpu_hog alive elapsed=157 accumulator=16788242751800045981

cpu_hog alive elapsed=158 accumulator=14791260207993186963

cpu_hog alive elapsed=159 accumulator=2919665230974971300

cpu_hog alive elapsed=160 accumulator=16282000199866225120

cpu_hog alive elapsed=161 accumulator=2235594906061101909

cpu_hog alive elapsed=162 accumulator=8580390609940325429

cpu_hog alive elapsed=163 accumulator=7705138624121855562

cpu_hog alive elapsed=164 accumulator=12259745591691736614

cpu_hog alive elapsed=165 accumulator=5903834696479370766

cpu_hog alive elapsed=166 accumulator=4482957253880599814

cpu_hog alive elapsed=167 accumulator=219176739010400044

cpu_hog alive elapsed=168 accumulator=10757625014178713653

cpu_hog alive elapsed=169 accumulator=2777409734231838799

cpu_hog alive elapsed=170 accumulator=1276677842195095420

cpu_hog alive elapsed=171 accumulator=16932260841445363614

cpu_hog alive elapsed=172 accumulator=241953744905882291

cpu_hog alive elapsed=173 accumulator=6006768979415550763

cpu_hog alive elapsed=174 accumulator=15597987189332457385

cpu_hog alive elapsed=175 accumulator=8383475388391670588

cpu_hog alive elapsed=176 accumulator=5149877495696204488

cpu_hog alive elapsed=177 accumulator=7283440821413982152

cpu_hog alive elapsed=178 accumulator=14709645818546074538

cpu_hog alive elapsed=179 accumulator=4493229709214682908

cpu_hog alive elapsed=180 accumulator=1138761044908932897

cpu_hog alive elapsed=181 accumulator=10763147272623296565

cpu_hog alive elapsed=182 accumulator=2380674013150488824

cpu_hog alive elapsed=183 accumulator=13970445368621015103

cpu_hog alive elapsed=184 accumulator=3716066750273861574

cpu_hog alive elapsed=185 accumulator=16147880791828957260

cpu_hog alive elapsed=186 accumulator=1751267515479349601

cpu_hog alive elapsed=187 accumulator=3539674944036876302

cpu_hog alive elapsed=188 accumulator=4664558628339401997

cpu_hog alive elapsed=189 accumulator=14281140840621186404

cpu_hog alive elapsed=190 accumulator=15184314668692109377

cpu_hog alive elapsed=191 accumulator=2628546712761161857

cpu_hog alive elapsed=192 accumulator=7118417283748476889

cpu_hog alive elapsed=193 accumulator=6058847190041448673

cpu_hog alive elapsed=194 accumulator=17460738491981608907

cpu_hog alive elapsed=195 accumulator=9064029149442063883

cpu_hog alive elapsed=196 accumulator=11424792323693875760

cpu_hog alive elapsed=197 accumulator=10566242630589790004

cpu_hog alive elapsed=198 accumulator=14587132074567248728

cpu_hog alive elapsed=199 accumulator=4261506379341561641

cpu_hog alive elapsed=200 accumulator=10712922234809587694

cpu_hog alive elapsed=201 accumulator=12865649247782702834

cpu_hog alive elapsed=202 accumulator=4892965039387114915

cpu_hog alive elapsed=203 accumulator=423606402794529148

cpu_hog alive elapsed=204 accumulator=2130984137123017262

cpu_hog alive elapsed=205 accumulator=9068195797054144169

cpu_hog alive elapsed=206 accumulator=466528329654708783

cpu_hog alive elapsed=207 accumulator=11832836168577439142

cpu_hog alive elapsed=208 accumulator=10219661063084951037

cpu_hog alive elapsed=209 accumulator=3678812414029455689

cpu_hog alive elapsed=210 accumulator=14959034525591498219

cpu_hog alive elapsed=211 accumulator=10690552567690019549

cpu_hog alive elapsed=212 accumulator=5108925568082604773

cpu_hog alive elapsed=213 accumulator=1825729421228205410

cpu_hog alive elapsed=214 accumulator=3455416935693972248

cpu_hog alive elapsed=215 accumulator=2165231892232853078

cpu_hog alive elapsed=216 accumulator=10101871833478893122

cpu_hog alive elapsed=217 accumulator=2024574220898907805

cpu_hog alive elapsed=218 accumulator=4195414262137438349

cpu_hog alive elapsed=219 accumulator=18317298268996298350

cpu_hog alive elapsed=220 accumulator=6018529738227089236

cpu_hog alive elapsed=221 accumulator=6302319831470448103

cpu_hog alive elapsed=222 accumulator=11869352954354523355

cpu_hog alive elapsed=223 accumulator=7792489717988932377

cpu_hog alive elapsed=224 accumulator=10941341744740703398

cpu_hog alive elapsed=225 accumulator=1277323873492272241

cpu_hog alive elapsed=226 accumulator=15941095920075241897

cpu_hog alive elapsed=227 accumulator=17287230368064785411

cpu_hog alive elapsed=228 accumulator=11230748162328324929

cpu_hog alive elapsed=229 accumulator=10141625808875789999

cpu_hog alive elapsed=230 accumulator=5483105902366393295

cpu_hog alive elapsed=231 accumulator=4650757207617356622

cpu_hog alive elapsed=232 accumulator=9335556212082205879

cpu_hog alive elapsed=233 accumulator=18411133338121423010

cpu_hog alive elapsed=234 accumulator=8705633179782453551

cpu_hog alive elapsed=235 accumulator=5337964368270054553

cpu_hog alive elapsed=236 accumulator=11110956953543581210

cpu_hog alive elapsed=237 accumulator=3324090859710824150

cpu_hog alive elapsed=238 accumulator=17581311730317158323

cpu_hog alive elapsed=239 accumulator=5526032916535091295

cpu_hog alive elapsed=240 accumulator=7514427249405235156

cpu_hog alive elapsed=241 accumulator=13353251832785403135

cpu_hog alive elapsed=242 accumulator=7356016544925989916

cpu_hog alive elapsed=243 accumulator=13632580216821678363

cpu_hog alive elapsed=244 accumulator=15364989236686704274

cpu_hog alive elapsed=245 accumulator=9597928910410749549

cpu_hog alive elapsed=246 accumulator=8816635292137745092

cpu_hog alive elapsed=247 accumulator=5366956945894157813

cpu_hog alive elapsed=248 accumulator=13155329993702455407

cpu_hog alive elapsed=249 accumulator=3949886204997126577

cpu_hog alive elapsed=250 accumulator=549331723316760194

cpu_hog alive elapsed=251 accumulator=777439263364984463

cpu_hog alive elapsed=252 accumulator=14616043510371377823

cpu_hog alive elapsed=253 accumulator=5130084744013399817

cpu_hog alive elapsed=254 accumulator=17982939840471042651

cpu_hog alive elapsed=255 accumulator=16431469967916675580

cpu_hog alive elapsed=256 accumulator=16643567934755035866

cpu_hog alive elapsed=257 accumulator=13452767605015513882

cpu_hog alive elapsed=258 accumulator=14458312821906370624

cpu_hog alive elapsed=259 accumulator=16228272218626326297

cpu_hog alive elapsed=260 accumulator=14038797694482277591

cpu_hog alive elapsed=261 accumulator=11348875904479726783

cpu_hog alive elapsed=262 accumulator=14005837413093360714

cpu_hog alive elapsed=263 accumulator=5636184365252016022

cpu_hog alive elapsed=264 accumulator=5709161104784346240

cpu_hog alive elapsed=265 accumulator=3126090597980970279

cpu_hog alive elapsed=266 accumulator=6090755076661942663

cpu_hog alive elapsed=267 accumulator=7007556906374705894

cpu_hog alive elapsed=268 accumulator=6935657529685890571

cpu_hog alive elapsed=269 accumulator=13668036094458370029

cpu_hog alive elapsed=270 accumulator=15705152956570119417

cpu_hog alive elapsed=271 accumulator=5645649534794966745

cpu_hog alive elapsed=272 accumulator=12387355657053595254

cpu_hog alive elapsed=273 accumulator=12563289800510910768

cpu_hog alive elapsed=274 accumulator=13216799778590873949

cpu_hog alive elapsed=275 accumulator=13901816468407865212

cpu_hog alive elapsed=276 accumulator=14550078899055443168

cpu_hog alive elapsed=277 accumulator=17570460345090187532

cpu_hog alive elapsed=278 accumulator=3654967232478272228

cpu_hog alive elapsed=279 accumulator=3175555152533898005

cpu_hog alive elapsed=280 accumulator=1687916812516052667

cpu_hog alive elapsed=281 accumulator=12080173098619927065

cpu_hog alive elapsed=282 accumulator=14420040014135802691

cpu_hog alive elapsed=283 accumulator=4923724873298463158

cpu_hog alive elapsed=284 accumulator=6067683805479799756

cpu_hog alive elapsed=285 accumulator=16133871461872114816

cpu_hog alive elapsed=286 accumulator=16782336901834341247

cpu_hog alive elapsed=287 accumulator=3702190561153306547

cpu_hog alive elapsed=288 accumulator=13811475935537388426

cpu_hog alive elapsed=289 accumulator=8417244839972659442

cpu_hog alive elapsed=290 accumulator=14727719766621685697

cpu_hog alive elapsed=291 accumulator=1030839319503146749

cpu_hog alive elapsed=292 accumulator=3046747308239260576

cpu_hog alive elapsed=293 accumulator=4507528010358427080

cpu_hog alive elapsed=294 accumulator=11194542197900831061

cpu_hog alive elapsed=295 accumulator=8443778778372645754

cpu_hog alive elapsed=296 accumulator=13334496485746835624

cpu_hog alive elapsed=297 accumulator=16706931216331618809

cpu_hog alive elapsed=298 accumulator=14825382060960508556

cpu_hog alive elapsed=299 accumulator=14992985690048314989

cpu_hog alive elapsed=300 accumulator=13093212036293867983

cpu_hog alive elapsed=301 accumulator=7503547772676396137

cpu_hog alive elapsed=302 accumulator=9907365311685045940

cpu_hog alive elapsed=303 accumulator=14740424694800666875

cpu_hog alive elapsed=304 accumulator=5477124850635534839

cpu_hog alive elapsed=305 accumulator=14246153048280575584

cpu_hog alive elapsed=306 accumulator=11083818996115796304

cpu_hog alive elapsed=307 accumulator=13828955244233756021

cpu_hog alive elapsed=308 accumulator=4520735335570614635

cpu_hog alive elapsed=309 accumulator=11364849768739908157

cpu_hog alive elapsed=310 accumulator=18283074027981218285

cpu_hog alive elapsed=311 accumulator=14984632873083103622

cpu_hog alive elapsed=312 accumulator=13054822936701180606

cpu_hog alive elapsed=313 accumulator=7318760606562278644

cpu_hog alive elapsed=314 accumulator=18439857613770264122

cpu_hog alive elapsed=315 accumulator=8621583681437128405

cpu_hog alive elapsed=316 accumulator=11978059387168616281

cpu_hog alive elapsed=317 accumulator=7723355502297319833

cpu_hog alive elapsed=318 accumulator=3019651517466528199

cpu_hog alive elapsed=319 accumulator=14279592806240456021

cpu_hog alive elapsed=320 accumulator=13139429244610398441

cpu_hog alive elapsed=321 accumulator=17889821679893990281

cpu_hog alive elapsed=322 accumulator=2809062232910097804

cpu_hog alive elapsed=323 accumulator=11688842060407358128

cpu_hog alive elapsed=324 accumulator=5582669173501126664

cpu_hog alive elapsed=325 accumulator=10353309377983126415

cpu_hog alive elapsed=326 accumulator=17327859797744492833

cpu_hog alive elapsed=327 accumulator=17676485364220086349

cpu_hog alive elapsed=328 accumulator=13330642858403079474

cpu_hog alive elapsed=329 accumulator=17940567602118945538

cpu_hog alive elapsed=330 accumulator=17273487367006163493

cpu_hog alive elapsed=331 accumulator=13462249648950706925

cpu_hog alive elapsed=332 accumulator=9424913525948716409

cpu_hog alive elapsed=333 accumulator=13951659106616887313

cpu_hog alive elapsed=334 accumulator=12053441887379223904

cpu_hog alive elapsed=335 accumulator=1923910011179541510

cpu_hog alive elapsed=336 accumulator=15380438209665986814

cpu_hog alive elapsed=337 accumulator=444610419723930265

cpu_hog alive elapsed=338 accumulator=3437846448565706326

cpu_hog alive elapsed=339 accumulator=17985004860836589453

cpu_hog alive elapsed=340 accumulator=12544598415111232755

cpu_hog alive elapsed=341 accumulator=13327509986423170882

cpu_hog alive elapsed=342 accumulator=9624703883364847021

cpu_hog alive elapsed=343 accumulator=1115349687012456465

cpu_hog alive elapsed=344 accumulator=7114212016866927396

cpu_hog alive elapsed=345 accumulator=11007216037698982326

cpu_hog alive elapsed=346 accumulator=4735278085855898183

cpu_hog alive elapsed=347 accumulator=11294007190846915013

cpu_hog alive elapsed=348 accumulator=17768817522275254898

cpu_hog alive elapsed=349 accumulator=2957660538271162148

cpu_hog alive elapsed=350 accumulator=3226761903678117544

cpu_hog alive elapsed=351 accumulator=16684349205405960658

cpu_hog alive elapsed=352 accumulator=1318947357733926365

cpu_hog alive elapsed=353 accumulator=11289344331217309604

cpu_hog alive elapsed=354 accumulator=17376864817463900622

cpu_hog alive elapsed=355 accumulator=11498683192529951125

cpu_hog alive elapsed=356 accumulator=16512482485892285362

cpu_hog alive elapsed=357 accumulator=9807531295233014992

cpu_hog alive elapsed=358 accumulator=12885742996651209219

cpu_hog alive elapsed=359 accumulator=11371235739796495582

cpu_hog alive elapsed=360 accumulator=9871559184926461631

cpu_hog alive elapsed=361 accumulator=17073342702994258701

cpu_hog alive elapsed=362 accumulator=11424822129011995352

cpu_hog alive elapsed=363 accumulator=15858264892940394000

cpu_hog alive elapsed=364 accumulator=11752997374477674570

cpu_hog alive elapsed=365 accumulator=14001427277442133989

cpu_hog alive elapsed=366 accumulator=12512290554590588296

cpu_hog alive elapsed=367 accumulator=6022993394031600899

cpu_hog alive elapsed=368 accumulator=7186403098385647493

cpu_hog alive elapsed=369 accumulator=2891372610718170697

cpu_hog alive elapsed=370 accumulator=4098260623616174093

cpu_hog alive elapsed=371 accumulator=7675225606151887416

cpu_hog alive elapsed=372 accumulator=15106234904987406400

cpu_hog alive elapsed=373 accumulator=2297284382434324145

cpu_hog alive elapsed=374 accumulator=16650676569641382148

cpu_hog alive elapsed=375 accumulator=4812286571388724962

cpu_hog alive elapsed=376 accumulator=11275892803860524182

cpu_hog alive elapsed=377 accumulator=577940932779196459

cpu_hog alive elapsed=378 accumulator=6804685071074482896

cpu_hog alive elapsed=379 accumulator=10627926252072102810

cpu_hog alive elapsed=380 accumulator=17614319354957506164

cpu_hog alive elapsed=381 accumulator=2198503438173867097

cpu_hog alive elapsed=382 accumulator=4956419519635938869

cpu_hog alive elapsed=383 accumulator=16698805204575544438

cpu_hog alive elapsed=384 accumulator=8489721064972033082

cpu_hog alive elapsed=385 accumulator=4662896394855707457

cpu_hog alive elapsed=386 accumulator=10684077683566074352

cpu_hog alive elapsed=387 accumulator=3759851014796447872

cpu_hog alive elapsed=388 accumulator=9837861367783653417

cpu_hog alive elapsed=389 accumulator=10512241038567434984

cpu_hog alive elapsed=390 accumulator=310592001610492175

cpu_hog alive elapsed=391 accumulator=1015597347666401011

cpu_hog alive elapsed=392 accumulator=12432638065038823240

cpu_hog alive elapsed=393 accumulator=6455480103891260133

cpu_hog alive elapsed=394 accumulator=2168245375068600699

cpu_hog alive elapsed=395 accumulator=14265207547721847644

cpu_hog alive elapsed=396 accumulator=8082575909665450320

cpu_hog alive elapsed=397 accumulator=10269551125461435765

cpu_hog alive elapsed=398 accumulator=14421493635745661096

cpu_hog alive elapsed=399 accumulator=13891725841383453819

cpu_hog alive elapsed=400 accumulator=4611588388046582451

cpu_hog alive elapsed=401 accumulator=7951018124439002784

cpu_hog alive elapsed=402 accumulator=5813244272284237173

cpu_hog alive elapsed=403 accumulator=7003530732357269057

cpu_hog alive elapsed=404 accumulator=6964423108561746601

cpu_hog alive elapsed=405 accumulator=6024890015853601923

cpu_hog alive elapsed=406 accumulator=1078940634287855871

cpu_hog alive elapsed=407 accumulator=5541363502764519408

cpu_hog alive elapsed=408 accumulator=6807011587566169045

cpu_hog alive elapsed=409 accumulator=3436871706560916209

cpu_hog alive elapsed=410 accumulator=9840588964583675407

cpu_hog alive elapsed=411 accumulator=10153415287276806933

cpu_hog alive elapsed=412 accumulator=14539466102732817119

cpu_hog alive elapsed=413 accumulator=2199508834323651766

cpu_hog alive elapsed=414 accumulator=18224787880529375669

cpu_hog alive elapsed=415 accumulator=17187655906038081926

cpu_hog alive elapsed=416 accumulator=4317152051305113850

cpu_hog alive elapsed=417 accumulator=4864437537734712854

cpu_hog alive elapsed=418 accumulator=7757007436998732607

cpu_hog alive elapsed=419 accumulator=4424972998355628075

cpu_hog alive elapsed=420 accumulator=6053766026545194611

cpu_hog alive elapsed=421 accumulator=17923744777761766494

cpu_hog alive elapsed=422 accumulator=10861852008017925231

cpu_hog alive elapsed=423 accumulator=6281609493891340614

cpu_hog alive elapsed=424 accumulator=9090372978394978470

cpu_hog alive elapsed=425 accumulator=3509002552207912854

cpu_hog alive elapsed=426 accumulator=11769610737857508453

cpu_hog alive elapsed=427 accumulator=13624287742224976122

cpu_hog alive elapsed=428 accumulator=8159692569471214178

cpu_hog alive elapsed=429 accumulator=15968241551901602648

cpu_hog alive elapsed=430 accumulator=9020458878490138643

cpu_hog alive elapsed=431 accumulator=18139449990068166628

cpu_hog alive elapsed=432 accumulator=9833503774717371727

cpu_hog alive elapsed=433 accumulator=7235513428767603189

cpu_hog alive elapsed=434 accumulator=8006302939653557274

cpu_hog alive elapsed=435 accumulator=6576986929083390623

cpu_hog alive elapsed=436 accumulator=12803830082985674435

cpu_hog alive elapsed=437 accumulator=16560888495113331360

cpu_hog alive elapsed=438 accumulator=7391634002485709256

cpu_hog alive elapsed=439 accumulator=15192727950676932668

cpu_hog alive elapsed=440 accumulator=15504297627769707465

cpu_hog alive elapsed=441 accumulator=4248221266781278752

cpu_hog alive elapsed=442 accumulator=14131802982937820566

cpu_hog alive elapsed=443 accumulator=15039418735085914119

cpu_hog alive elapsed=444 accumulator=14460850164626192749

cpu_hog alive elapsed=445 accumulator=820583959234327197

cpu_hog alive elapsed=446 accumulator=1839155347534470252

cpu_hog alive elapsed=447 accumulator=2947612066091152726

cpu_hog alive elapsed=448 accumulator=13529190936299640599

cpu_hog alive elapsed=449 accumulator=4242234108128944866

cpu_hog alive elapsed=450 accumulator=10508056213008165527

cpu_hog alive elapsed=451 accumulator=18062671346446391869

cpu_hog alive elapsed=452 accumulator=17665040473090348830

cpu_hog alive elapsed=453 accumulator=17415239387274684294

cpu_hog alive elapsed=454 accumulator=8020333196829647099

cpu_hog alive elapsed=455 accumulator=8752196936930835018

cpu_hog alive elapsed=456 accumulator=11577515710961182091

cpu_hog alive elapsed=457 accumulator=14203417126350987816

cpu_hog alive elapsed=458 accumulator=17086941073274774126

cpu_hog alive elapsed=459 accumulator=17123022728148515366

cpu_hog alive elapsed=460 accumulator=14857965350025936361

cpu_hog alive elapsed=461 accumulator=3280197385672505379

cpu_hog alive elapsed=462 accumulator=11088616384011596783

cpu_hog alive elapsed=463 accumulator=17001790882616789453

cpu_hog alive elapsed=464 accumulator=15247547293412651693

cpu_hog alive elapsed=465 accumulator=10528770579954849837

cpu_hog alive elapsed=466 accumulator=1111357676234429967

cpu_hog alive elapsed=467 accumulator=16879495510557290393

cpu_hog alive elapsed=468 accumulator=1854142449331043723

cpu_hog alive elapsed=469 accumulator=10867803497579112930

cpu_hog alive elapsed=470 accumulator=498164277824845791

cpu_hog alive elapsed=471 accumulator=7931306903507232030

cpu_hog alive elapsed=472 accumulator=16753915551248704437

cpu_hog alive elapsed=473 accumulator=17343238215622700486

cpu_hog alive elapsed=474 accumulator=17980801828436911538

cpu_hog alive elapsed=475 accumulator=12337351456304605028

cpu_hog alive elapsed=476 accumulator=16937660740177167199

cpu_hog alive elapsed=477 accumulator=6794473097767626845

cpu_hog alive elapsed=478 accumulator=8943074487350514274

cpu_hog alive elapsed=479 accumulator=6807876504436158872

cpu_hog alive elapsed=480 accumulator=18250158389422209284

cpu_hog alive elapsed=481 accumulator=14469934162660142147

cpu_hog alive elapsed=482 accumulator=4271640153135902191

cpu_hog alive elapsed=483 accumulator=8516149436286868851

cpu_hog alive elapsed=484 accumulator=5506896438718926837

cpu_hog alive elapsed=485 accumulator=2988256183746707635

cpu_hog alive elapsed=486 accumulator=46008272905662003

cpu_hog alive elapsed=487 accumulator=869706902691036233

cpu_hog alive elapsed=488 accumulator=15207302833831638615

cpu_hog alive elapsed=489 accumulator=17377321884327030275

cpu_hog alive elapsed=490 accumulator=14239895103735225847

cpu_hog alive elapsed=491 accumulator=17505469447868828368

cpu_hog alive elapsed=492 accumulator=16867071241700271079

cpu_hog alive elapsed=493 accumulator=733529747896869818

cpu_hog alive elapsed=494 accumulator=2557317563711330291

cpu_hog alive elapsed=495 accumulator=1628808200300834724

cpu_hog alive elapsed=496 accumulator=16526904000162608490

cpu_hog alive elapsed=497 accumulator=2214349013094199220

cpu_hog alive elapsed=498 accumulator=6231360018390204474

cpu_hog alive elapsed=499 accumulator=5181196395934961323

cpu_hog alive elapsed=500 accumulator=11039559247133804340

cpu_hog alive elapsed=501 accumulator=13881682836576487990

cpu_hog alive elapsed=502 accumulator=1852912315526702510

cpu_hog alive elapsed=503 accumulator=8794218117162699175

cpu_hog alive elapsed=504 accumulator=11936445252429478335

cpu_hog alive elapsed=505 accumulator=15348503118700624007

cpu_hog alive elapsed=506 accumulator=4909229377643383290

cpu_hog alive elapsed=507 accumulator=2267739401664860579

cpu_hog alive elapsed=508 accumulator=4550525275833476656

cpu_hog alive elapsed=509 accumulator=3408024074143890411

cpu_hog alive elapsed=510 accumulator=15963292306736718581

cpu_hog alive elapsed=511 accumulator=1493702887717804888

cpu_hog alive elapsed=512 accumulator=6644554589404592702

cpu_hog alive elapsed=513 accumulator=10326033986407987133

cpu_hog alive elapsed=514 accumulator=17435791916327996175

cpu_hog alive elapsed=515 accumulator=18247244323598132696

cpu_hog alive elapsed=516 accumulator=9892620698741826700

cpu_hog alive elapsed=517 accumulator=5660192255566979104

cpu_hog alive elapsed=518 accumulator=1505139424195995598

cpu_hog alive elapsed=519 accumulator=7486014191869470265

cpu_hog alive elapsed=520 accumulator=4119077425860087319

cpu_hog alive elapsed=521 accumulator=3076176360691312038

cpu_hog alive elapsed=522 accumulator=17140298495023351743

cpu_hog alive elapsed=523 accumulator=3806768292599157187

cpu_hog alive elapsed=524 accumulator=14659367895213732873

cpu_hog alive elapsed=525 accumulator=2571967584786242209

cpu_hog alive elapsed=526 accumulator=12225284880092649297

cpu_hog alive elapsed=527 accumulator=6876672131289317229

cpu_hog alive elapsed=528 accumulator=7928265519473414109

cpu_hog alive elapsed=529 accumulator=12249921779380753611

cpu_hog alive elapsed=530 accumulator=1660549065165863877

cpu_hog alive elapsed=531 accumulator=17367500655594085542

cpu_hog alive elapsed=532 accumulator=12803445561234412738

cpu_hog alive elapsed=533 accumulator=15522011366592318924

cpu_hog alive elapsed=534 accumulator=6927031051055156526

cpu_hog alive elapsed=535 accumulator=1236037274286584769

cpu_hog alive elapsed=536 accumulator=6230854639916954671

cpu_hog alive elapsed=537 accumulator=9214987594728343119

cpu_hog alive elapsed=538 accumulator=2463806101418075868

cpu_hog alive elapsed=539 accumulator=13106266042327007123

cpu_hog alive elapsed=540 accumulator=2992708040231261663

cpu_hog alive elapsed=541 accumulator=15469443860038922330

cpu_hog alive elapsed=542 accumulator=6646375077625716753

cpu_hog alive elapsed=543 accumulator=10749653100427800165

cpu_hog alive elapsed=544 accumulator=547683059260049795

cpu_hog alive elapsed=545 accumulator=12032363835685545481

cpu_hog alive elapsed=546 accumulator=5590621011886339607

cpu_hog alive elapsed=547 accumulator=15870324040534719349

cpu_hog alive elapsed=548 accumulator=13454792929759853840

cpu_hog alive elapsed=549 accumulator=15008596430408183290

cpu_hog alive elapsed=550 accumulator=10997354267864844949

cpu_hog alive elapsed=551 accumulator=2890569249185400468

cpu_hog alive elapsed=552 accumulator=18397863607699288939

cpu_hog alive elapsed=553 accumulator=3218181197760699444

cpu_hog alive elapsed=554 accumulator=9807888422379825399

cpu_hog alive elapsed=555 accumulator=3471767436787938198

cpu_hog alive elapsed=556 accumulator=13562708593582877826

cpu_hog alive elapsed=557 accumulator=14433756850683348479

cpu_hog alive elapsed=558 accumulator=4144140763057091258

cpu_hog alive elapsed=559 accumulator=14594028811021868323

cpu_hog alive elapsed=560 accumulator=13297960066608530361

cpu_hog alive elapsed=561 accumulator=4463251792583091753

cpu_hog alive elapsed=562 accumulator=12509319517249916465

cpu_hog alive elapsed=563 accumulator=15454992187454484500

cpu_hog alive elapsed=564 accumulator=8759365517323939446

cpu_hog alive elapsed=565 accumulator=9822682005880124186

cpu_hog alive elapsed=566 accumulator=8827878617607104571

cpu_hog alive elapsed=567 accumulator=17258018159912027324

cpu_hog alive elapsed=568 accumulator=9786150377501135341

cpu_hog alive elapsed=569 accumulator=9245864844076594122

cpu_hog alive elapsed=570 accumulator=11986930480845796274

cpu_hog alive elapsed=571 accumulator=8690941249975622036

cpu_hog alive elapsed=572 accumulator=5837156112296901452

cpu_hog alive elapsed=573 accumulator=8246168656486608363

cpu_hog alive elapsed=574 accumulator=15805856464173446669

cpu_hog alive elapsed=575 accumulator=14429115164500454714

cpu_hog alive elapsed=576 accumulator=10447414166627615432

cpu_hog alive elapsed=577 accumulator=51586597173700440

cpu_hog alive elapsed=578 accumulator=14542955556154525368

cpu_hog alive elapsed=579 accumulator=16505349981953620069

cpu_hog alive elapsed=580 accumulator=18443465118058023408

cpu_hog alive elapsed=581 accumulator=3233562929883435356

cpu_hog alive elapsed=582 accumulator=5899222916543050284

cpu_hog alive elapsed=583 accumulator=10691220149811092476

cpu_hog alive elapsed=584 accumulator=7969175097924790286

cpu_hog alive elapsed=585 accumulator=15323359331349493529

cpu_hog alive elapsed=586 accumulator=5964234917129571258

cpu_hog alive elapsed=587 accumulator=14272868739843313969

cpu_hog alive elapsed=588 accumulator=18124640932653729608

cpu_hog alive elapsed=589 accumulator=8685133520316226116

cpu_hog alive elapsed=590 accumulator=7779425281751004785

cpu_hog alive elapsed=591 accumulator=3852921721311501206

cpu_hog alive elapsed=592 accumulator=14772982703374173473

cpu_hog alive elapsed=593 accumulator=3632756079533451669

cpu_hog alive elapsed=594 accumulator=16881131664689053526

cpu_hog alive elapsed=595 accumulator=3360735284615081308

cpu_hog alive elapsed=596 accumulator=13781386980756519777

cpu_hog alive elapsed=597 accumulator=14886908004454102374

cpu_hog alive elapsed=598 accumulator=13087827062556283224

cpu_hog alive elapsed=599 accumulator=63748587323100938

cpu_hog alive elapsed=600 accumulator=155347553304074873

cpu_hog alive elapsed=601 accumulator=13170994662756870020

cpu_hog alive elapsed=602 accumulator=1426912942697495508

cpu_hog alive elapsed=603 accumulator=14905696738267534510

cpu_hog alive elapsed=604 accumulator=9711209679157478702

cpu_hog alive elapsed=605 accumulator=17964385667827863119

cpu_hog alive elapsed=606 accumulator=15130802801539772204

cpu_hog alive elapsed=607 accumulator=3694638867319711964

cpu_hog alive elapsed=608 accumulator=2366630394722063866

cpu_hog alive elapsed=609 accumulator=16284733233101964907

cpu_hog alive elapsed=610 accumulator=11271581629730485404

cpu_hog alive elapsed=611 accumulator=14290123403830452802

cpu_hog alive elapsed=612 accumulator=12441682035601702447

cpu_hog alive elapsed=613 accumulator=1237137730399121008

cpu_hog alive elapsed=614 accumulator=3194785683053103191

cpu_hog alive elapsed=615 accumulator=14772930374404480963

cpu_hog alive elapsed=616 accumulator=9334277633470660094

cpu_hog alive elapsed=617 accumulator=10517115416089389788

cpu_hog alive elapsed=618 accumulator=3986653564698580962

cpu_hog alive elapsed=619 accumulator=15670117362864979236

cpu_hog alive elapsed=620 accumulator=6577884957168641240

cpu_hog alive elapsed=621 accumulator=17330863628544400329

cpu_hog alive elapsed=622 accumulator=2109367036643660073

cpu_hog alive elapsed=623 accumulator=17672206223034531832

cpu_hog alive elapsed=624 accumulator=11948302837920791202

cpu_hog alive elapsed=625 accumulator=6208768042434077998

cpu_hog alive elapsed=626 accumulator=14202128924265573938

cpu_hog alive elapsed=627 accumulator=2932060953584679576

cpu_hog alive elapsed=628 accumulator=13663372382580462541

cpu_hog alive elapsed=629 accumulator=14139996135340132558

cpu_hog alive elapsed=630 accumulator=10279394047049876285

cpu_hog alive elapsed=631 accumulator=9719129507761093802

cpu_hog alive elapsed=632 accumulator=14338178330902891772

cpu_hog alive elapsed=633 accumulator=8332279571448811866

cpu_hog alive elapsed=634 accumulator=11739864637873438687

cpu_hog alive elapsed=635 accumulator=9989282835344956461

Container beta started with PID 5168
cpu_hog alive elapsed=1 accumulator=6678006017183590629

cpu_hog alive elapsed=2 accumulator=4140399491670697660

cpu_hog alive elapsed=3 accumulator=8865912112417873358

cpu_hog alive elapsed=4 accumulator=13300600442463327682

cpu_hog alive elapsed=5 accumulator=14137875443146657493

cpu_hog alive elapsed=6 accumulator=12296310310340887454

cpu_hog alive elapsed=7 accumulator=17840281702344148489

cpu_hog alive elapsed=8 accumulator=2033409619262746306

cpu_hog alive elapsed=9 accumulator=14312223408360883172

cpu_hog alive elapsed=10 accumulator=18415570240108775327

cpu_hog alive elapsed=11 accumulator=16005550255461144441

cpu_hog alive elapsed=12 accumulator=11284205195469883436

cpu_hog alive elapsed=13 accumulator=12672093318001957129

cpu_hog alive elapsed=14 accumulator=1955135597237390956

cpu_hog alive elapsed=15 accumulator=11392124136905881756

cpu_hog alive elapsed=16 accumulator=5289358031401113098

cpu_hog alive elapsed=17 accumulator=7592719550157051886

cpu_hog alive elapsed=18 accumulator=6740079985355359972

cpu_hog alive elapsed=19 accumulator=8281488133545356524

cpu_hog alive elapsed=20 accumulator=7100278435162259265

cpu_hog alive elapsed=21 accumulator=4544737243715799735

cpu_hog alive elapsed=22 accumulator=4388853617724705459

cpu_hog alive elapsed=23 accumulator=2319058737204942427

cpu_hog alive elapsed=24 accumulator=13316321712418522665

cpu_hog alive elapsed=25 accumulator=18324935745797094515

cpu_hog alive elapsed=26 accumulator=9570799430948183919

cpu_hog alive elapsed=27 accumulator=5571799218052686299

cpu_hog alive elapsed=28 accumulator=18015012247244079025

cpu_hog alive elapsed=29 accumulator=9102097976741292825

cpu_hog alive elapsed=30 accumulator=8457272841891041215

cpu_hog alive elapsed=31 accumulator=12791761051665147711

cpu_hog alive elapsed=32 accumulator=8837327224438862593

cpu_hog alive elapsed=33 accumulator=1676344286550518129

cpu_hog alive elapsed=34 accumulator=6521125698926582159

cpu_hog alive elapsed=35 accumulator=1600044073491143257

cpu_hog alive elapsed=36 accumulator=785206095482200227

cpu_hog alive elapsed=37 accumulator=11758712532730827886

cpu_hog alive elapsed=38 accumulator=2929025679847772288

cpu_hog alive elapsed=39 accumulator=856514032905940863

cpu_hog alive elapsed=40 accumulator=1865413858928202341

cpu_hog alive elapsed=41 accumulator=17784930901740778717

cpu_hog alive elapsed=42 accumulator=8401361422333868113

cpu_hog alive elapsed=43 accumulator=14731981843213153105

cpu_hog alive elapsed=44 accumulator=11727927633720092956

cpu_hog alive elapsed=45 accumulator=698915755564521645

cpu_hog alive elapsed=46 accumulator=6719930203719813809

cpu_hog alive elapsed=47 accumulator=10377338757009498244

cpu_hog alive elapsed=48 accumulator=14809993945012434145

cpu_hog alive elapsed=49 accumulator=6746722043619375689

cpu_hog alive elapsed=50 accumulator=6896347909298717753

cpu_hog alive elapsed=51 accumulator=2684669011033782255

cpu_hog alive elapsed=52 accumulator=16756832891783770630

cpu_hog alive elapsed=53 accumulator=6010400544793612368

cpu_hog alive elapsed=54 accumulator=18099499264483833589

cpu_hog alive elapsed=55 accumulator=12516314533514842046

cpu_hog alive elapsed=56 accumulator=3119660167353034786

cpu_hog alive elapsed=57 accumulator=5936118275568011921

cpu_hog alive elapsed=58 accumulator=12880538654187892642

cpu_hog alive elapsed=59 accumulator=3273958657660000766

cpu_hog alive elapsed=60 accumulator=15683268334998273238

cpu_hog alive elapsed=61 accumulator=18368452263337951177

cpu_hog alive elapsed=62 accumulator=514044579848540773

cpu_hog alive elapsed=63 accumulator=3544130359263124612

cpu_hog alive elapsed=64 accumulator=17159795153228085675

cpu_hog alive elapsed=65 accumulator=2758726541033184271

cpu_hog alive elapsed=66 accumulator=18213159152468118848

cpu_hog alive elapsed=67 accumulator=10812496501809499635

cpu_hog alive elapsed=68 accumulator=2620454118646905897

cpu_hog alive elapsed=69 accumulator=5207857297642902682

cpu_hog alive elapsed=70 accumulator=6093705481692395951

cpu_hog alive elapsed=71 accumulator=16238518248056204198

cpu_hog alive elapsed=72 accumulator=17211938292269885908

cpu_hog alive elapsed=73 accumulator=3097231614850011041

cpu_hog alive elapsed=74 accumulator=4518033037412478808

cpu_hog alive elapsed=75 accumulator=13034644299332381264

cpu_hog alive elapsed=76 accumulator=16289480850789676944

cpu_hog alive elapsed=77 accumulator=14665933829877471224

cpu_hog alive elapsed=78 accumulator=17253898715209567338

